        -:    0:Source:troll.c
        -:    0:Graph:troll.gcno
        -:    0:Data:troll.gcda
        -:    0:Runs:4
        -:    0:Programs:1
        -:    1:// this is for srand48(), drand48(), realpath()
        -:    2:#ifndef _XOPEN_SOURCE
        -:    3:#define _XOPEN_SOURCE 700
        -:    4:#endif
        -:    5:  
        -:    6:#define MAXOUTMAP (2048)
        -:    7:
        -:    8:#define CNN_NSIDE (32)
        -:    9:
        -:   10:#define USEDII
        -:   11://#define TESTFITADU
        -:   12:
        -:   13:#include <stdio.h>
        -:   14:#include <stdlib.h>
        -:   15:#include <stdbool.h>
        -:   16:#include <string.h>
        -:   17:#include <mpi.h>
        -:   18:#include <float.h>
        -:   19:#include <math.h>
        -:   20:#include <sys/time.h>
        -:   21:#include <time.h>
        -:   22:#include <unistd.h>
        -:   23:#include <sys/types.h>
        -:   24:#include <sys/stat.h>
        -:   25:#include <fcntl.h>
        -:   26:#include <fftw3.h>
        -:   27:#include <assert.h>
        -:   28:#include <errno.h>
        -:   29:#include <omp.h>
        -:   30:#include <libgen.h>
        -:   31:#include "spline.h"
        -:   32:
        -:   33:#include "no_dmc_metadata.h"
        -:   34:#include "no_dmc_data_access.h"
        -:   35:#include "no_dmc_piolib_type_def.h"
        -:   36:#include "no_dmc_util.h"
        -:   37:#include "no_dmc_debug.h"
        -:   38:#include "no_dmc_version.h"
        -:   39:#include "chealpix.h"
        -:   40:
        -:   41:#define PY_SSIZE_T_CLEAN
        -:   42:#define NPY_NO_DEPRECATED_API NPY_1_7_API_VERSION
        -:   43:#include <Python.h>
        -:   44:#include <numpy/arrayobject.h>
        -:   45:
        -:   46:
        -:   47:#include "troll_param.h"
        -:   48:
        -:   49:#include "stim_parLoader.h"
        -:   50:#include "stim.h"
        -:   51:#include "stim_tools.h"
        -:   52:#if 1
        -:   53:#define OPTIPIX
        -:   54:#endif
        -:   55:#if 1
        -:   56:#define OPTIMPI
        -:   57:#endif
        -:   58:
        -:   59:#define MAXADUBOLO (100)
        -:   60:long nadufit[MAXADUBOLO]; // 100 max number of bolometers
        -:   61:
        -:   62:float *tpparam=NULL; // parameters for neural network initialise to NULL at the beginning.
        -:   63:int CNN_NB_PARAM=0;
        -:   64:
        -:   65:// TODO TEST TIME STEP IN ADU
        -:   66:PIOLONG ADURGSTEP[MAXADUBOLO];
        -:   67:PIOLONG nadustep[MAXADUBOLO];
        -:   68:#define ADUSTEP (32000)
        -:   69:
        -:   70:int NUMBEROFITER=500;
        -:   71:
        -:   72:int NORMFITPOL=0;
        -:   73:
        -:   74:int PIOWriteVECT(const char *path,void *value,int off,int size);
        -:   75:
        -:   76:double rg_vals[MAXADUBOLO][4*32000];
        -:   77:int rg_start[MAXADUBOLO][32000];
        -:   78:int rg_end[MAXADUBOLO][32000];
        -:   79:
        -:   80:double *xspladu;
        -:   81:BSpline *bspline[MAXADUBOLO]; // 100 max number of bolometers
        -:   82:BSpline *bsplineTime[MAXADUBOLO];
        -:   83:
        -:   84:int *realpix;
        -:   85:int *irealpix;
        -:   86:
        -:   87:enum MAPRINGS_values {
        -:   88:  FULL        = 1,
        -:   89:  HM12        = 2,
        -:   90:  S12345      = 4,
        -:   91:  YEAR12      = 8,
        -:   92:  FULLODDEVEN = 16,
        -:   93:  HM12ODDEVEN = 32
        -:   94:};
        -:   95:
        -:   96:enum MAPRINGS_maps {
        -:   97:  MAPFULL  = 1,
        -:   98:  HM1      = 2,
        -:   99:  HM2      = 4,
        -:  100:  S1       = 8,
        -:  101:  S2       = 16,
        -:  102:  S3       = 32,
        -:  103:  S4       = 64,
        -:  104:  S5       = 128,
        -:  105:  YEAR1    = 256,
        -:  106:  YEAR2    = 512,
        -:  107:  FULLODD  = 1024,
        -:  108:  FULLEVEN = 2048,
        -:  109:  HM1ODD   = 4096,
        -:  110:  HM1EVEN  = 8192,
        -:  111:  HM2ODD   = 16384,
        -:  112:  HM2EVEN  = 32768
        -:  113:};
        -:  114:
        -:  115:typedef struct {
        -:  116:  int ipx;
        -:  117:  int hit;
        -:  118:} hpint;
        -:  119:
        -:  120:typedef struct {
        -:  121:  PyObject * sys;
        -:  122:  PyObject * py_path;
        -:  123:  PyObject * ModuleString;
        -:  124:  PyObject * Module;
        -:  125:  PyObject * Dict;
        -:  126:  PyObject * init;
        -:  127:  PyObject * initFromFile;
        -:  128:  PyObject * initFrom_Files;
        -:  129:  PyObject * init_net;
        -:  130:  PyObject * init_net_data;
        -:  131:  PyObject * allocf32;
        -:  132:  PyObject * alloci32;
        -:  133:  PyObject * Clean;
        -:  134:  PyObject * grad;
        -:  135:  PyObject * agrad;
        -:  136:  PyObject * gloss;
        -:  137:  PyObject * close;
        -:  138:  PyObject * pred;
        -:  139:  PyObject * corr;
        -:  140:  PyObject * initpar;
        -:  141:  PyObject * getparam;
        -:  142:  PyObject * initconvw;
        -:  143:  PyObject * getconvw;
        -:  144:  PyObject * initconvb;
        -:  145:  PyObject * getconvb;
        -:  146:  PyObject * initflw;
        -:  147:  PyObject * getflw;
        -:  148:  PyObject * initflb;
        -:  149:  PyObject * getflb;
        -:  150:  PyObject * pltvec;
        -:  151:  PyObject * plthisto;
        -:  152:} WrapPython;
        -:  153:
        -:  154:int python_rank;
        -:  155:int mpi_python_size;
        -:  156:int tensorflow_rank;
        -:  157:int mpi_tensorflow_size;
        -:  158:MPI_Comm python_comm;
        -:  159:MPI_Comm tensorflow_comm;
        -:  160:
638421614:  161:int compar_int(const void *a, const void *b)
        -:  162:{
638421614:  163:  hpint *pa = (hpint *) a;
638421614:  164:  hpint *pb = (hpint *) b;
638421614:  165:  return(pb->hit-pa->hit);
        -:  166:}
        -:  167:
    #####:  168:int getx12(int idx)
        -:  169:{
    #####:  170:  int res=(idx%2)
    #####:  171:    +((idx/4)%2)*2
    #####:  172:    +((idx/16)%2)*4
    #####:  173:    +((idx/64)%2)*8
    #####:  174:    +((idx/256)%2)*16
    #####:  175:    +((idx/1024)%2)*32
    #####:  176:    +((idx/4096)%2)*64
    #####:  177:    +((idx/16384)%2)*128
    #####:  178:    +((idx/65536)%2)*256
    #####:  179:    +((idx/262144)%2)*512
    #####:  180:    +((idx/1048576)%2)*1024
    #####:  181:    +((idx/4194304)%2)*2048;
    #####:  182:  return(res);
        -:  183:}
        -:  184:
    #####:  185:int gety12(int idx)
        -:  186:{
    #####:  187:  int res=((idx/2)%2)
    #####:  188:    +((idx/8)%2)*2
    #####:  189:    +((idx/32)%2)*4
    #####:  190:    +((idx/128)%2)*8
    #####:  191:    +((idx/512)%2)*16
    #####:  192:    +((idx/2048)%2)*32
    #####:  193:    +((idx/8192)%2)*64
    #####:  194:    +((idx/32768)%2)*128
    #####:  195:    +((idx/131072)%2)*256
    #####:  196:    +((idx/524288)%2)*512
    #####:  197:    +((idx/2097152)%2)*1024
    #####:  198:    +((idx/8388608)%2)*2048;
    #####:  199:  return(res);
        -:  200:}
        -:  201:
    #####:  202:int set12(int x,int y)
        -:  203:{
    #####:  204:  int res=((x)%2)
    #####:  205:    +((x/2)%2)*4
    #####:  206:    +((x/4)%2)*16
    #####:  207:    +((x/8)%2)*64
    #####:  208:    +((x/16)%2)*256
    #####:  209:    +((x/32)%2)*1024
    #####:  210:    +((x/64)%2)*4096
    #####:  211:    +((x/128)%2)*16384
    #####:  212:    +((x/256)%2)*65536
    #####:  213:    +((x/512)%2)*262144
    #####:  214:    +((x/1024)%2)*1048576
    #####:  215:    +((x/2048)%2)*4194304
    #####:  216:    +((y)%2)*2
    #####:  217:    +((y/2)%2)*8
    #####:  218:    +((y/4)%2)*32
    #####:  219:    +((y/8)%2)*128
    #####:  220:    +((y/16)%2)*512
    #####:  221:    +((y/32)%2)*2048
    #####:  222:    +((y/64)%2)*8192
    #####:  223:    +((y/128)%2)*32768
    #####:  224:    +((y/256)%2)*131072
    #####:  225:    +((y/512)%2)*524288
    #####:  226:    +((y/1024)%2)*2097152
    #####:  227:    +((y/2048)%2)*8388608;
    #####:  228:  return(res);
        -:  229:}
        -:  230:
        -:  231:#define MAXRAND 1000000
        -:  232:
      376:  233:PyObject *EXECPYTHON(PyObject *TheObject)
        -:  234:{
      376:  235:  if (TheObject==NULL) {
    #####:  236:    PyErr_Print();
    #####:  237:    exit(0);
        -:  238:  }
      376:  239:  return(TheObject);
        -:  240:}
      100:  241:PyObject *CALLPYTHON(PyObject *Dict,const char *name)
        -:  242:{
      100:  243:  PyObject *res=PyDict_GetItemString(Dict,name);
      100:  244:  if (PyCallable_Check(res)) {
      100:  245:    return(res); 
        -:  246:  }
        -:  247:  else {
    #####:  248:    fprintf(stderr,"Problem while loading %s function\n",name);
    #####:  249:    PyErr_Print();
    #####:  250:    exit(0);
        -:  251:  }
        -:  252:  return(NULL);
        -:  253:}
        -:  254:
        4:  255:void InitPython(WrapPython *mywrap, char *myfunct, int rank)
        -:  256:{
        -:  257:  char thepath[1024];
        4:  258:  int i,lastslash=-1;
        4:  259:  strcpy(thepath,myfunct);
      340:  260:  for (i=0;i<strlen(myfunct);i++) 
      336:  261:    if (myfunct[i]=='/') lastslash=i;
        4:  262:  if (lastslash==-1) {
    #####:  263:    sprintf(thepath,".");
    #####:  264:    lastslash=0;
        -:  265:  }
        -:  266:  else {
        4:  267:    thepath[lastslash]='\0';
        4:  268:    lastslash++;
        -:  269:  }
        4:  270:  if (rank==0) {
        1:  271:    fprintf(stderr,"Call python module in path\n%s\n",thepath);
        -:  272:  }
        4:  273:  Py_Initialize();
        -:  274:
        4:  275:  mywrap->sys = EXECPYTHON(PyImport_ImportModule("sys"));
        4:  276:  mywrap->py_path = EXECPYTHON(PyObject_GetAttrString(mywrap->sys, "path"));
        -:  277:  
        -:  278:#ifdef PYTHON3
        4:  279:  PyList_Append(mywrap->py_path, PyUnicode_FromString(thepath));
        -:  280:#else
        -:  281:  PyList_Append(mywrap->py_path, PyString_FromString(thepath));
        -:  282:#endif
        -:  283:  
        -:  284:  
        4:  285:  strcpy(thepath,myfunct+lastslash);
        4:  286:  lastslash=-1;
       96:  287:  for (i=0;i<strlen(thepath);i++) 
       92:  288:    if (thepath[i]=='.') lastslash=i;
        4:  289:  if (lastslash!=-1) thepath[lastslash]='\0';
        -:  290:
        4:  291:  if (rank==0) {
        1:  292:    fprintf(stderr,"Call module : %s\n",thepath);
        -:  293:  }
        -:  294:
        -:  295:  
        -:  296:      
        -:  297:#ifdef PYTHON3
        4:  298:  mywrap->ModuleString = PyUnicode_FromString(thepath);
        -:  299:#else
        -:  300:  mywrap->ModuleString = PyString_FromString(thepath);
        -:  301:#endif
        4:  302:  mywrap->Module = EXECPYTHON(PyImport_Import(mywrap->ModuleString));
        4:  303:  mywrap->Dict = EXECPYTHON(PyModule_GetDict(mywrap->Module));
        -:  304:
        -:  305:  
        -:  306:  
        4:  307:  mywrap->init     = CALLPYTHON(mywrap->Dict, "init_shape");
        4:  308:  mywrap->initFrom_Files = CALLPYTHON(mywrap->Dict, "init_shape_from_files");
        4:  309:  mywrap->init_net = CALLPYTHON(mywrap->Dict, "init_network");
        4:  310:  mywrap->init_net_data = CALLPYTHON(mywrap->Dict, "init_network_data");
        4:  311:  mywrap->allocf32 = CALLPYTHON(mywrap->Dict, "alloc_table_float32");
        4:  312:  mywrap->alloci32 = CALLPYTHON(mywrap->Dict, "alloc_table_int32");
        4:  313:  mywrap->Clean    = CALLPYTHON(mywrap->Dict, "free_table");
        4:  314:  mywrap->grad     = CALLPYTHON(mywrap->Dict, "calc_grad");
        4:  315:  mywrap->agrad    = CALLPYTHON(mywrap->Dict, "apply_grad");
        4:  316:  mywrap->gloss    = CALLPYTHON(mywrap->Dict, "get_loss");
        4:  317:  mywrap->close    = CALLPYTHON(mywrap->Dict, "close_session");
        4:  318:  mywrap->pred     = CALLPYTHON(mywrap->Dict, "get_prediction");
        4:  319:  mywrap->corr     = CALLPYTHON(mywrap->Dict, "get_correction");
        4:  320:  mywrap->initpar  = CALLPYTHON(mywrap->Dict, "alloc_param");
        4:  321:  mywrap->getparam = CALLPYTHON(mywrap->Dict, "get_param");
        4:  322:  mywrap->initconvw = CALLPYTHON(mywrap->Dict, "alloc_convw");
        4:  323:  mywrap->getconvw  = CALLPYTHON(mywrap->Dict, "get_convw");
        4:  324:  mywrap->initconvb = CALLPYTHON(mywrap->Dict, "alloc_convb");
        4:  325:  mywrap->getconvb  = CALLPYTHON(mywrap->Dict, "get_convb");
        4:  326:  mywrap->initflw = CALLPYTHON(mywrap->Dict, "alloc_flw");
        4:  327:  mywrap->getflw  = CALLPYTHON(mywrap->Dict, "get_flw");
        4:  328:  mywrap->initflb = CALLPYTHON(mywrap->Dict, "alloc_flb");
        4:  329:  mywrap->getflb  = CALLPYTHON(mywrap->Dict, "get_flb");
        4:  330:  mywrap->pltvec    = CALLPYTHON(mywrap->Dict, "plt_vec");
        4:  331:  mywrap->plthisto  = CALLPYTHON(mywrap->Dict, "plt_histo");
        4:  332:}
        -:  333:
        4:  334:void CleanPython(WrapPython *mywrap)
        -:  335:{
        -:  336:  // Clean up
        4:  337:  Py_DECREF(mywrap->Module);
        4:  338:  Py_DECREF(mywrap->ModuleString);
        -:  339:  
        -:  340:  
        4:  341:  Py_Finalize();
        4:  342:}
        -:  343:
        -:  344:ssize_t pwrite(int fildes, const void *buf, size_t nbyte,
        -:  345:              off_t offset);
        -:  346:
        1:  347:int isPowerOfTwo (unsigned int x)
        -:  348:{
        1:  349:  return ((x != 0) && ((x & (~x + 1)) == x));
        -:  350:}
        -:  351:
        -:  352:#define RINGSIZE (27664l)
      104:  353:void GetProcMem(long *vmem,long *phymem)
        -:  354:{
        -:  355:    FILE *fp;
        -:  356:    char name[256];
        -:  357:    int pid;
        -:  358:    char comm[512];
        -:  359:    char state;
        -:  360:    int ppid,pgrp,session,tty_nr,tpgid;
        -:  361:    unsigned long flags,minflt,cminflt,majflt,cmajflt,utime;
        -:  362:    long cutime,cstime,priority,nice,xxx,itrealvalue,starttime,vsize,rss,stime;
        -:  363:
      104:  364:    sprintf(name,"/proc/%d/stat",(int) getpid());
        -:  365:
      104:  366:    fp=fopen(name,"r");
      104:  367:    fscanf(fp,"%d %s %c %d %d %d %d %d %lu %lu %lu %lu %lu %lu %lu %ld %ld %ld %ld %ld %ld %lu %lu %ld",
        -:  368:	   &pid,comm,&state,&ppid,&pgrp,&session,&tty_nr,&tpgid,&flags,&minflt,&cminflt,&majflt,
        -:  369:	   &cmajflt,&utime,&stime,&cutime,&cstime,&priority,&nice,&xxx,&itrealvalue,&starttime,&vsize,
        -:  370:	   &rss);
      104:  371:    fclose(fp);
        -:  372:   
      104:  373:    *vmem=vsize;
      104:  374:    *phymem=rss*4096;
      104:  375:}
        -:  376:
    #####:  377:float GetLoadAvg()
        -:  378:{
        -:  379:    char Line[256];
        -:  380:    float a,b,c;
        -:  381:
    #####:  382:    FILE *fp=fopen("/proc/loadavg","r");
    #####:  383:    fgets(Line,256,fp);
    #####:  384:    fclose(fp);
    #####:  385:    sscanf(Line,"%f %f %f",&a,&b,&c);
    #####:  386:    return(a);
        -:  387:}
        -:  388:
        -:  389:
        -:  390:#include "troll_parLoader.h"
        -:  391:
        -:  392:#ifdef NOGCITER
        -:  393:#define NOGCITER
        -:  394:#endif
        -:  395:
        -:  396:#if 0
        -:  397:#define DORGG
        -:  398:#endif
        -:  399:
        -:  400:#ifdef TRUECP
        -:  401:#define TRUECP
        -:  402:#endif
        -:  403:
        -:  404:#if 0
        -:  405:#define TESPT fprintf(stderr,"***DBG*** %s:%d\n",__FILE__,__LINE__)
        -:  406:#else
        -:  407:#define TESPT {}
        -:  408:#endif
        -:  409:
        -:  410:#define UNSEENPIX (-1.6375000E+30)
        -:  411:
        -:  412:#ifdef FITANGLE
        -:  413:#define FITANGLE
        -:  414:#endif
        -:  415:
        -:  416:#ifdef FITPOLEFF
        -:  417:#define FITPOLEFF
        -:  418:#endif
        -:  419:
        -:  420:#define DONSIDE
        -:  421:#ifdef DONSIDE
        -:  422:#endif
        -:  423:#define NSIDE (8)
        -:  424:#define ORIENT (4)
        -:  425:
        -:  426:#define DOMAP
        -:  427:#ifdef DOMAP
        -:  428:#endif
        -:  429:
        -:  430://#define SOLDIPX (-0.00049639860)
        -:  431://#define SOLDIPY (-0.0022099761)
        -:  432://#define SOLDIPZ (0.0024331235)
        -:  433:
        -:  434:#define SOLDIPX (-0.00022735409)
        -:  435:#define SOLDIPY (-0.0022259792)
        -:  436:#define SOLDIPZ (0.0025066439)
        -:  437:#define TINY 1.0e-303;
        -:  438:
        -:  439:int *invgi;
        -:  440:
       64:  441:int ludcmp(double *a,double *d,int *indx,int n)
        -:  442:{
       64:  443:  int i,imax=0,j,k;
        -:  444:  double big,dum,sum,temp;
       64:  445:  double *vv = (double *) malloc(sizeof(double)*n);
        -:  446:
       64:  447:  *d=1.0;
      744:  448:  for (i=0;i<n;i++) {
      680:  449:    big=0.0;
    11256:  450:    for (j=0;j<n;j++)
    10576:  451:      if ((temp=fabs(a[n*i+j])) > big) big=temp;
      680:  452:    if (big == 0.0) {
    #####:  453:      fprintf(stderr,"Singular matrix in routine LUDCMP\n");
    #####:  454:      return(-1);
        -:  455:    }
      680:  456:    vv[i]=1.0/big;
        -:  457:  }
      744:  458:  for (j=0;j<n;j++) {
     5628:  459:    for (i=0;i<j;i++) {
     4948:  460:      sum=a[n*i+j];
     4948:  461:      for (k=0;k<i;k++) sum -= a[n*i+k]*a[n*k+j];
     4948:  462:      a[n*i+j]=sum;
        -:  463:    }
      680:  464:    big=0.0;
     6308:  465:    for (i=j;i<n;i++) {
     5628:  466:      sum=a[n*i+j];
    35068:  467:      for (k=0;k<j;k++)
    29440:  468:        sum -= a[n*i+k]*a[n*k+j];
     5628:  469:      a[n*i+j]=sum;
     5628:  470:      if ( (dum=vv[i]*fabs(sum)) >= big) {
      740:  471:        big=dum;
      740:  472:        imax=i;
        -:  473:      }
        -:  474:    }
      680:  475:    if (j != imax) {
      728:  476:      for (k=0;k<n;k++) {
      668:  477:        dum=a[n*imax+k];
      668:  478:        a[n*imax+k]=a[n*j+k];
      668:  479:        a[n*j+k]=dum;
        -:  480:      }
       60:  481:      *d = -(*d);
       60:  482:      vv[imax]=vv[j];
        -:  483:    }
      680:  484:    indx[j]=imax;
      680:  485:    if (a[n*j+j] == 0.0) a[n*j+j]=TINY;
      680:  486:    if (j != n) {
      680:  487:      dum=1.0/(a[n*j+j]);
      680:  488:      for (i=j+1;i<n;i++) a[n*i+j] *= dum;
        -:  489:    }
        -:  490:  }
       64:  491:  free(vv);
       64:  492:  return(0);
        -:  493:}
        -:  494:
        -:  495:#undef TINY
        -:  496:
       64:  497:void lubksb(double *a,double *b,int *indx,int n)
        -:  498:{
       64:  499:  int i,ii=-1,ip,j;
        -:  500:  double sum;
        -:  501:
      744:  502:  for (i=0;i<n;i++) {
      680:  503:    ip=indx[i];
      680:  504:    sum=b[ip];
      680:  505:    b[ip]=b[i];
      680:  506:    if (ii>-1)
      616:  507:      for (j=ii;j<=i-1;j++) sum -= a[n*i+j]*b[j];
       64:  508:    else if (sum!=0) ii=i;
      680:  509:    b[i]=sum;
        -:  510:  }
        -:  511:
      744:  512:  for (i=n-1;i>=0;i--) {
      680:  513:    sum=b[i];
      680:  514:    for (j=i+1;j<n;j++) sum -= a[n*i+j]*b[j];
      680:  515:    b[i]=sum/a[n*i+i];
        -:  516:  }
       64:  517:}
        -:  518:
       64:  519:int lusol(double *a,double *b,int n)
        -:  520:{
        -:  521:  double d;
       64:  522:  int *indx= (int *) malloc(n*sizeof(int));
       64:  523:  if (ludcmp(a,&d,indx,n)!=0) return(-1);
       64:  524:  lubksb(a,b,indx,n);
       64:  525:  free(indx);
       64:  526:  return(0);
        -:  527:}
        -:  528:
    #####:  529:void invert(double *a,double *y,int n)
        -:  530:{
        -:  531:  double d;
    #####:  532:  double *col= (double *) malloc(n*sizeof(double));
    #####:  533:  double *l_a= (double *) malloc(n*n*sizeof(double));
    #####:  534:  memcpy(l_a,a,n*n*sizeof(double));
        -:  535:  int i,j;
    #####:  536:  int *indx= (int *) malloc(n*sizeof(int));
    #####:  537:  ludcmp(l_a,&d,indx,n);
        -:  538:
    #####:  539:  for (j=0;j<n;j++) {
    #####:  540:    memset(col,0,n*sizeof(double));
    #####:  541:    col[j]=1.0;
    #####:  542:    lubksb(l_a,col,indx,n);
    #####:  543:    for (i=0;i<n;i++) y[j+i*n]=col[i];
        -:  544:  }
        -:  545:
    #####:  546:  free(l_a);
    #####:  547:  free(col);
    #####:  548:  free(indx);
    #####:  549:}
        -:  550:
    #####:  551:double norm(double *a,int n)
        -:  552:{
        -:  553:  int i,j;
    #####:  554:  double maxd=0;
    #####:  555:  double *col= (double *) malloc(n*sizeof(double));
    #####:  556:  memset(col,0,n*sizeof(double));
        -:  557:
    #####:  558:  for (j=0;j<n;j++) {
    #####:  559:    for (i=0;i<n;i++) col[j]+=fabs(a[i+j*n]);
    #####:  560:    if (maxd<col[j]) maxd=col[j];
        -:  561:  }
        -:  562:
    #####:  563:  free(col);
    #####:  564:  return(maxd);
        -:  565:}
        -:  566:
    #####:  567:double Dcond(double *a,int n)
        -:  568:{
    #####:  569:  double *b=(double *) malloc(n*n*sizeof(double));
        -:  570:
    #####:  571:  invert(a,b,n);
    #####:  572:  double cond=norm(a,n)*norm(b,n);
    #####:  573:  free(b);
    #####:  574:  return(cond);
        -:  575:}
        -:  576:
        -:  577:
    #####:  578:int invert_3_3(double *mat,double *res)
        -:  579:{
    #####:  580:  double a=mat[0];
    #####:  581:  double b=mat[1];
    #####:  582:  double c=mat[2];
    #####:  583:  double d=mat[3];
    #####:  584:  double e=mat[4];
    #####:  585:  double f=mat[5];
    #####:  586:  double g=mat[6];
    #####:  587:  double h=mat[7];
    #####:  588:  double i=mat[8];
        -:  589:
    #####:  590:  double determinant = a*(e*i-f*h)-d*(b*i-h*c)+g*(b*f-e*c);
    #####:  591:  if (determinant==0) return(-1);
    #####:  592:  double invdet = 1/determinant;
        -:  593:
    #####:  594:  res[0] =  (e*i-f*h)*invdet;
    #####:  595:  res[3] = -(d*i-g*f)*invdet;
    #####:  596:  res[6] =  (d*h-g*e)*invdet;
    #####:  597:  res[1] = -(b*i-h*c)*invdet;
    #####:  598:  res[4] =  (a*i-g*c)*invdet;
    #####:  599:  res[7] = -(a*h-b*g)*invdet;
    #####:  600:  res[2] =  (b*f-c*e)*invdet;
    #####:  601:  res[5] = -(a*f-c*d)*invdet;
    #####:  602:  res[8] =  (a*e-b*d)*invdet;
    #####:  603:  return(0);
        -:  604:}
        -:  605:
        -:  606:
    #####:  607:double donorm_3_3(double *mat)
        -:  608:{
    #####:  609:  double a=mat[0];
    #####:  610:  double b=mat[1];
    #####:  611:  double c=mat[2];
    #####:  612:  double d=mat[3];
    #####:  613:  double e=mat[4];
    #####:  614:  double f=mat[5];
    #####:  615:  double g=mat[6];
    #####:  616:  double h=mat[7];
    #####:  617:  double i=mat[8];
        -:  618:
    #####:  619:  double res1= fabs(a)+fabs(b)+fabs(c);
    #####:  620:  double res2= fabs(d)+fabs(e)+fabs(f);
    #####:  621:  double res3= fabs(g)+fabs(h)+fabs(i);
        -:  622:
    #####:  623:  if (res2>res1) {
    #####:  624:    if (res3>res2) return(res3);
    #####:  625:    else return(res2);
        -:  626:  }
    #####:  627:  if (res3>res1) return(res3);
    #####:  628:  else return(res1);
        -:  629:}
        -:  630:
    #####:  631:double cond_3_3_thres(double a,double b,double c,
        -:  632:                      double d,double e,double f,
        -:  633:                      double g,double h,double i)
        -:  634:{
        -:  635:  double mat[9];
        -:  636:  double res[9];
        -:  637:  int ii,j,k;
        -:  638:
    #####:  639:  mat[0]=a;
    #####:  640:  mat[1]=b;
    #####:  641:  mat[2]=c;
    #####:  642:  mat[3]=d;
    #####:  643:  mat[4]=e;
    #####:  644:  mat[5]=f;
    #####:  645:  mat[6]=g;
    #####:  646:  mat[7]=h;
    #####:  647:  mat[8]=i;
        -:  648:
    #####:  649:  if (invert_3_3(mat,res)==-1) return(1E30);
        -:  650:
    #####:  651:  double cond=donorm_3_3(mat)*donorm_3_3(res);
        -:  652:
    #####:  653:  if (cond<1000) {
    #####:  654:    double err=0;
    #####:  655:    for (k=1;k<3;k++) {
    #####:  656:      for (ii=0;ii<3;ii++) {
    #####:  657:        for (j=0;j<3;j++) {
    #####:  658:          err += res[3*ii+k]*res[3*k+j]*mat[3*ii+j];
        -:  659:        }
        -:  660:      }
        -:  661:    }
        -:  662:
    #####:  663:    cond=sqrt(err/2);
        -:  664:  }
        -:  665:
    #####:  666:  return(cond);
        -:  667:}
        -:  668:
    #####:  669:double legendre(double x,int n)
        -:  670:{
        -:  671:  int i;
    #####:  672:  double P0=1;
    #####:  673:  double P1=x;
    #####:  674:  double P2=0;
    #####:  675:  if (n==0) return(P0);
    #####:  676:  if (n==1) return(P1);
    #####:  677:  for (i=2;i<=n;i++) {
    #####:  678:    P2=(2*(i-1)+1)*x*P1-(i-1)*P0;
    #####:  679:    P0=P1;
    #####:  680:    P1=P2;
        -:  681:  }
    #####:  682:  return(P2);
        -:  683:}
        -:  684:
    #####:  685:double solvemap2(double a,double b,double c,double d,
        -:  686:                 double *v0,double *v1)
        -:  687:{
        -:  688:
    #####:  689:  double det=1./(a*d-b*c);
    #####:  690:  double x0=det*(d*(*v0)-b*(*v1));
    #####:  691:  double x1=det*(-c*(*v0)+a*(*v1));
        -:  692:
    #####:  693:  *v0=x0;
    #####:  694:  *v1=x1;
    #####:  695:  return(det);
        -:  696:}
        -:  697:
    19487:  698:double solvemap(double *x,double *y,double *z,
        -:  699:                double II, double IQ, double IU,
        -:  700:                double QQ, double QU, double UU)
        -:  701:{
        -:  702:  //double determinant =    +A(0,0)*(A(1,1)*A(2,2)-A(2,1)*A(1,2))
        -:  703:  //                     -A(0,1)*(A(1,0)*A(2,2)-A(1,2)*A(2,0))
        -:  704:  //                    +A(0,2)*(A(1,0)*A(2,1)-A(1,1)*A(2,0));
    38974:  705:  double determinant = II*(QQ*UU-QU*QU)
    19487:  706:    -IQ*(IQ*UU-QU*IU)
    19487:  707:    +IU*(IQ*QU-QQ*IU);
        -:  708:
    19487:  709:  double invdet = 1/determinant;
    19487:  710: double result_0_0 =  (QQ*UU - QU*QU)*invdet; // (A(1,1)*A(2,2)-A(2,1)*A(1,2))*invdet;
    19487:  711: double result_1_0 = -(IQ*UU - IU*QU)*invdet; //-(A(0,1)*A(2,2)-A(0,2)*A(2,1))*invdet;
    19487:  712: double result_2_0 =  (IQ*QU - IU*QQ)*invdet; // (A(0,1)*A(1,2)-A(0,2)*A(1,1))*invdet;
    19487:  713: double result_0_1 = -(IQ*UU - QU*IU)*invdet; //-(A(1,0)*A(2,2)-A(1,2)*A(2,0))*invdet;
    19487:  714: double result_1_1 =  (II*UU - IU*IU)*invdet; // (A(0,0)*A(2,2)-A(0,2)*A(2,0))*invdet;
    19487:  715: double result_2_1 = -(II*QU - IQ*IU)*invdet; //-(A(0,0)*A(1,2)-A(1,0)*A(0,2))*invdet;
    19487:  716: double result_0_2 =  (IQ*QU - IU*QQ)*invdet; // (A(1,0)*A(2,1)-A(2,0)*A(1,1))*invdet;
    19487:  717: double result_1_2 = -(II*QU - IU*IQ)*invdet; //-(A(0,0)*A(2,1)-A(2,0)*A(0,1))*invdet;
    19487:  718: double result_2_2 =  (II*QQ - IQ*IQ)*invdet; // (A(0,0)*A(1,1)-A(1,0)*A(0,1))*invdet;
        -:  719:
    19487:  720: double ox = *x*result_0_0 + *y*result_1_0 + *z*result_2_0;
    19487:  721: double oy = *x*result_0_1 + *y*result_1_1 + *z*result_2_1;
    19487:  722: double oz = *x*result_0_2 + *y*result_1_2 + *z*result_2_2;
        -:  723:
    19487:  724: *x=ox;
    19487:  725: *y=oy;
    19487:  726: *z=oz;
        -:  727:
    19487:  728: return(determinant);
        -:  729:}
        -:  730:
        -:  731:// maximum number of stim iterations in one troll run
        -:  732:#ifndef MAXSIMU
        -:  733:#define MAXSIMU (1)
        -:  734:#endif
        -:  735:
        -:  736:// * maximum number of Theo_noPS HPR templates per bolometer
        -:  737:// * from main():
        -:  738://     npixbeam = Param->n_Theo_noPS / nbolo;
        -:  739://     assert( npixbeam <= MAXTHEOHPR);
        -:  740:// * can be set at compilation time with '-DMAXTHEOHPR=xxx'
        -:  741:// * values used in RD12 are 4 at 100ghz-217ghz, 7 at 353ghz and 9 at 545ghz-857ghz
        -:  742:// * need to remember why it was set to 11 for RD12...
        -:  743:
        -:  744:// TROLL update:
        -:  745:// MAXTHEOHPR = 5 TF (H0, H1, H2, H3, H4 + TT1@353) + ANGLE + POLEFF + TDUST + CO13 + SYNCROTRON = 10
        -:  746:// see "extra theo tempaltes" comment around line 6616
        -:  747:// updated assert( npixbeam+5 <= MAXTHEOHPR);
        -:  748:// 545/857 : 
        -:  749:// MAXTHEOHPR = 8 TF + 1FSL + ANGLE + POLEFF + CO13  = 12
        -:  750:
        -:  751:#ifndef MAXTHEOHPR
        -:  752:#define MAXTHEOHPR (10)
        -:  753:#endif
        -:  754:
        -:  755:typedef struct {
        -:  756:  PIODOUBLE sig;
        -:  757:  PIODOUBLE listp[MAXSIMU];
        -:  758:  PIOFLOAT comap;
        -:  759:  PIOFLOAT dustmap;
        -:  760:  PIOFLOAT pdustmap;
        -:  761:  PIOFLOAT listofpix[MAXTHEOHPR];
        -:  762:  PIODOUBLE vspline[4];
        -:  763:  int istart;
        -:  764:  int iend;
        -:  765:  PIOINT ipix;
        -:  766:  PIOINT rg;
        -:  767:  PIOINT hrg;
        -:  768:  PIOFLOAT freefree;
        -:  769:  PIOINT adu;
        -:  770:  PIOFLOAT sadu;
        -:  771:  PIOFLOAT corr_nl;
        -:  772:  PIOFLOAT corr_cnn;
        -:  773:  PIOINT gi;
        -:  774:  PIODOUBLE dip;
        -:  775:  PIOFLOAT fsl;
        -:  776:  PIOFLOAT phase;
        -:  777:  PIOFLOAT w;
        -:  778:  PIOFLOAT co;
        -:  779:  PIOFLOAT si; // pixel pour 32 orientation et 12*32*32 pixel
        -:  780:  PIOBYTE  surv;
        -:  781:  PIOBYTE  ib;
        -:  782:  PIOFLOAT hit;
        -:  783:  PIOFLOAT wp;
        -:  784:  PIODOUBLE vi,vq,vu;
        -:  785:  PIODOUBLE model;
        -:  786:} hpix;
        -:  787:
        -:  788:long DODISTOR=0;
        -:  789:#define _PIOMALLOC malloc
        -:  790:#define _PIOFREE free
        -:  791:
    #####:  792:double gcmat_mpi(double *mat,double *vec,int n,int nn,long begr,long edr)
        -:  793:{
    #####:  794:  int itermax = 1000;
    #####:  795:  double eps = 1.e-14;
        -:  796:  int iter;
        -:  797:  int i,j;
        -:  798:  int rank,mpi_size;
    #####:  799:  MPI_Comm_rank(MPI_COMM_WORLD,&rank);
    #####:  800:  MPI_Comm_size(MPI_COMM_WORLD,&mpi_size);
    #####:  801:  int *tab_begr =_PIOMALLOC(sizeof(int)*mpi_size);
    #####:  802:  int *tab_edr  =_PIOMALLOC(sizeof(int)*mpi_size);
        -:  803:
    #####:  804:  tab_begr[rank]=begr;
    #####:  805:  tab_edr[rank]=edr;
        -:  806:
    #####:  807:  for (i=0;i<mpi_size;i++) {
    #####:  808:    MPI_Bcast(tab_begr+i, sizeof(int), MPI_BYTE, i, MPI_COMM_WORLD);
    #####:  809:    MPI_Bcast(tab_edr+i , sizeof(int), MPI_BYTE, i, MPI_COMM_WORLD);
        -:  810:  }
        -:  811:
        -:  812:  double delta0, delta_new, alpha, delta_old, beta;
        -:  813:
        -:  814:
    #####:  815:  double *x = (double *) calloc (n, sizeof (double));
    #####:  816:  double *b = (double *) calloc (n, sizeof (double));
    #####:  817:  double *d = (double *) calloc (n, sizeof (double));
    #####:  818:  double *q = (double *) calloc (n, sizeof (double));
    #####:  819:  double *r = (double *) calloc (n, sizeof (double));
    #####:  820:  double *s = (double *) calloc (n, sizeof (double));
    #####:  821:  double *hit = (double *) calloc (n, sizeof (double));
        -:  822:
    #####:  823:  iter = 0;
        -:  824:  // Compute second member
    #####:  825:  for (i=0;i<mpi_size;i++) {
    #####:  826:    memcpy(b+tab_begr[i],vec+tab_begr[i],(tab_edr[i]-tab_begr[i]+1)*sizeof(double));
    #####:  827:    MPI_Bcast(b+tab_begr[i], sizeof(double)*(tab_edr[i]-tab_begr[i]+1), MPI_BYTE, i, MPI_COMM_WORLD);
        -:  828:  }
        -:  829:  // starting point x = solution
    #####:  830:  for (i=0; i<n; i++) x[i] = 0.;
        -:  831:
        -:  832:  // Compute Ax
        -:  833:  //healspline_fill_s_with_PtP_s (hs_rec, Ndata, vec, x, q);
    #####:  834:  for (i=begr;i<= edr;i++) {
    #####:  835:    double tmp=0;
    #####:  836:    for (j=0;j<n;j++) tmp=tmp+x[j]*mat[j+(i-begr)*nn];
    #####:  837:    q[i]=tmp;
        -:  838:  }
        -:  839:
    #####:  840:  for (i=begr; i <= edr; i++)
        -:  841:    {
    #####:  842:      r[i] = b[i] - q[i];
    #####:  843:      d[i] = r[i];
        -:  844:    }
        -:  845:
        -:  846:  // Preconditionnement
    #####:  847:  for (i=begr; i <=edr; i++) {
    #####:  848:    hit[i]=mat[i+(i-begr)*nn];
    #####:  849:    if (hit[i]==0) hit[i]=1;
        -:  850:  }
    #####:  851:  for (i=begr; i<= edr; i++)
    #####:  852:    s[i] = r[i] / hit[i];
        -:  853:
    #####:  854:  double delta_new_tmp = 0.0;
    #####:  855:  for (i = begr; i <= edr; i++) delta_new_tmp += r[i] * s[i];
    #####:  856:  delta_new=0;
    #####:  857:  for (i=0;i<mpi_size;i++) {
    #####:  858:    double tmp=delta_new_tmp;
    #####:  859:    MPI_Bcast(&tmp, sizeof(double), MPI_BYTE, i, MPI_COMM_WORLD);
    #####:  860:    delta_new+=tmp;
        -:  861:  }
    #####:  862:  delta0 = delta_new;
        -:  863:
        -:  864:
    #####:  865:  if (rank==0) fprintf (stderr, "iter = %d - delta0 = %lg - delta_new = %lg\n", iter, delta0, delta_new);
        -:  866:
    #####:  867:  while (iter < itermax && delta_new > eps*eps*delta0)
        -:  868:    {
        -:  869:      // q <= Ad
    #####:  870:      for (i=begr; i <= edr; i++)
    #####:  871:        q[i] = 0.0;
        -:  872:
        -:  873:      //healspline_fill_s_with_PtP_s (hs_rec, Ndata, vec, d, q);
    #####:  874:      for (i=0;i<mpi_size;i++) {
    #####:  875:        MPI_Bcast(d+tab_begr[i], sizeof(double)*(tab_edr[i]-tab_begr[i]+1), MPI_BYTE, i, MPI_COMM_WORLD);
        -:  876:      }
    #####:  877:      for (i=begr;i<= edr;i++) {
    #####:  878:        double tmp=0;
    #####:  879:        for (j=0;j<n;j++) tmp=tmp+d[j]*mat[j+(i-begr)*nn];
    #####:  880:        q[i]=tmp;
        -:  881:      }
        -:  882:
        -:  883:      //
    #####:  884:      double dtq = 0.0;
    #####:  885:      double dtq_tmp = 0.0;
    #####:  886:      for (i=begr; i <= edr; i++)
    #####:  887:        dtq_tmp += d[i] * q[i];
    #####:  888:      for (i=0;i<mpi_size;i++) {
    #####:  889:        double tmp=dtq_tmp;
    #####:  890:        MPI_Bcast(&tmp, sizeof(double), MPI_BYTE, i, MPI_COMM_WORLD);
    #####:  891:        dtq+=tmp;
        -:  892:      }
    #####:  893:      alpha = delta_new / dtq;
    #####:  894:      for (i=begr; i<= edr; i++)
    #####:  895:        x[i] += alpha * d[i];
        -:  896:
    #####:  897:      if (iter % 100 == 0)
        -:  898:        {
    #####:  899:          if (rank==0&&iter%10==0) fprintf (stderr,"gcmat_mpi() iter = %d - delta0 = %lg - delta_new = %lg\n", iter, delta0, delta_new);
    #####:  900:          for (i=0; i < n; i++)
    #####:  901:            q[i] = 0.0;
        -:  902:
    #####:  903:          for (i=0;i<mpi_size;i++) {
    #####:  904:            MPI_Bcast(x+tab_begr[i], sizeof(double)*(tab_edr[i]-tab_begr[i]+1), MPI_BYTE, i, MPI_COMM_WORLD);
        -:  905:          }
        -:  906:
        -:  907:          //healspline_fill_s_with_PtP_s (hs_rec, Ndata, vec, x, q);
    #####:  908:          for (i=begr;i<= edr;i++) {
    #####:  909:            double tmp=0;
    #####:  910:            for (j=0;j<n;j++) tmp=tmp+x[j]*mat[j+(i-begr)*nn];
    #####:  911:            q[i]=tmp;
        -:  912:          }
    #####:  913:          for (i=begr; i <= edr; i++) {
    #####:  914:            r[i] = b[i] - q[i];
        -:  915:          }
        -:  916:        }
        -:  917:      else
        -:  918:        {
    #####:  919:          for (i=begr; i<= edr; i++)
    #####:  920:            r[i] -= alpha * q[i];
        -:  921:        }
    #####:  922:      for (i=begr; i<= edr; i++)
    #####:  923:        s[i] = r[i] / hit[i];
        -:  924:
    #####:  925:      delta_old = delta_new;
    #####:  926:      delta_new = 0.0;
        -:  927:
    #####:  928:      delta_new_tmp = 0.0;
    #####:  929:      for (i = begr; i <= edr; i++) delta_new_tmp += r[i] * s[i];
    #####:  930:      delta_new=0;
    #####:  931:      for (i=0;i<mpi_size;i++) {
    #####:  932:        double tmp=delta_new_tmp;
    #####:  933:        MPI_Bcast(&tmp, sizeof(double), MPI_BYTE, i, MPI_COMM_WORLD);
    #####:  934:        delta_new+=tmp;
        -:  935:      }
    #####:  936:      beta = delta_new / delta_old;
        -:  937:
    #####:  938:      for (i=begr; i<= edr; i++)
    #####:  939:        d[i] = s[i] + beta * d[i];
    #####:  940:      iter ++;
        -:  941:    }
    #####:  942:  if (rank==0) fprintf (stderr,"gcmat_mpi2() iter = %d - delta0 = %lg - delta_new = %lg\n",
        -:  943:          iter, delta0, delta_new);
    #####:  944:  if (rank==0) fprintf (stderr,"CG in iter = %d (max=%d)\n", iter, itermax);
    #####:  945:  for (i=0;i<mpi_size;i++) {
    #####:  946:    memcpy(vec+tab_begr[i],x+tab_begr[i],(tab_edr[i]-tab_begr[i]+1)*sizeof(double));
    #####:  947:    MPI_Bcast(vec+tab_begr[i], sizeof(double)*(tab_edr[i]-tab_begr[i]+1), MPI_BYTE, i, MPI_COMM_WORLD);
        -:  948:  }
        -:  949:
    #####:  950:  _PIOFREE(tab_begr);
    #####:  951:  _PIOFREE(tab_edr);
        -:  952:
    #####:  953:  return(delta_new/delta0);
        -:  954:}
        -:  955:
        -:  956:
    #####:  957:double gcmat(double *mat,double *vec,int n,int nn)
        -:  958:{
    #####:  959:  int itermax = 1000;
    #####:  960:  double eps = 1.e-6;
        -:  961:  int iter;
        -:  962:  int i,j;
        -:  963:
    #####:  964:  long begr=0;
    #####:  965:  long edr =n-1;
        -:  966:  double delta0, delta_new, alpha, delta_old, beta;
    #####:  967:  double *x = (double *) calloc (n, sizeof (double));
    #####:  968:  double *b = (double *) calloc (n, sizeof (double));
    #####:  969:  double *d = (double *) calloc (n, sizeof (double));
    #####:  970:  double *q = (double *) calloc (n, sizeof (double));
    #####:  971:  double *r = (double *) calloc (n, sizeof (double));
    #####:  972:  double *s = (double *) calloc (n, sizeof (double));
    #####:  973:  double *hit = (double *) calloc (n, sizeof (double));
        -:  974:
    #####:  975:  memcpy(b,vec,n*sizeof(double));
        -:  976:
    #####:  977:  iter = 0;
        -:  978:  // starting point x = solution
    #####:  979:  for (i=0; i<n; i++) x[i] = 0.;
        -:  980:
        -:  981:  // Compute Ax
        -:  982:  //healspline_fill_s_with_PtP_s (hs_rec, Ndata, vec, x, q);
    #####:  983:  for (i=begr;i<= edr;i++) {
    #####:  984:    double tmp=0;
    #####:  985:    for (j=0;j<n;j++) tmp=tmp+x[j]*mat[j+(i-begr)*nn];
    #####:  986:    q[i]=tmp;
        -:  987:  }
        -:  988:
    #####:  989:  for (i=begr; i <= edr; i++)
        -:  990:    {
    #####:  991:      r[i] = b[i] - q[i];
    #####:  992:      d[i] = r[i];
        -:  993:    }
        -:  994:
        -:  995:  // Preconditionnement
    #####:  996:  for (i=begr; i <=edr; i++) {
    #####:  997:    hit[i]=mat[i+(i-begr)*nn];
    #####:  998:    if (hit[i]==0) hit[i]=1;
        -:  999:  }
    #####: 1000:  for (i=begr; i<= edr; i++) {
    #####: 1001:    s[i] = r[i] / hit[i];
    #####: 1002:    d[i] /= hit[i];
        -: 1003:  }
        -: 1004:
    #####: 1005:  delta_new = 0.0;
    #####: 1006:  for (i = begr; i <= edr; i++) delta_new += r[i] * s[i];
    #####: 1007:  delta0 = delta_new;
        -: 1008:
    #####: 1009:  fprintf (stderr, "gcmat() iter = %d - delta0 = %lg - delta_new = %lg\n", iter, delta0, delta_new);
        -: 1010:
    #####: 1011:  while (iter < itermax && delta_new > eps*eps*delta0)
        -: 1012:    {
        -: 1013:
        -: 1014:      // q <= Ad
    #####: 1015:      for (i=begr; i <= edr; i++)
    #####: 1016:        q[i] = 0.0;
        -: 1017:
        -: 1018:      //healspline_fill_s_with_PtP_s (hs_rec, Ndata, vec, d, q);
    #####: 1019:      for (i=begr;i<= edr;i++) {
    #####: 1020:        double tmp=0;
    #####: 1021:        for (j=0;j<n;j++) tmp=tmp+d[j]*mat[j+(i-begr)*nn];
    #####: 1022:        q[i]=tmp;
        -: 1023:      }
        -: 1024:
        -: 1025:      //
    #####: 1026:      double dtq = 0.0;
    #####: 1027:      for (i=begr; i <= edr; i++) {
    #####: 1028:        dtq += d[i] * q[i];
        -: 1029:      }
        -: 1030:
    #####: 1031:      alpha = delta_new / dtq;
    #####: 1032:      for (i=begr; i<= edr; i++)
    #####: 1033:        x[i] += alpha * d[i];
        -: 1034:
    #####: 1035:      fprintf (stderr,"gcmat2() iter = %d - delta0 = %lg - delta_new = %lg\n", iter, delta0, delta_new);
    #####: 1036:      if (iter % 100 == 0 && iter != 0)
        -: 1037:        {
    #####: 1038:          for (i=0; i < n; i++)
    #####: 1039:            q[i] = 0.0;
        -: 1040:
        -: 1041:          //healspline_fill_s_with_PtP_s (hs_rec, Ndata, vec, x, q);
    #####: 1042:          for (i=begr;i<= edr;i++) {
    #####: 1043:            double tmp=0;
    #####: 1044:            for (j=0;j<n;j++) tmp=tmp+x[j]*mat[j+(i-begr)*nn];
    #####: 1045:            q[i]=tmp;
        -: 1046:          }
    #####: 1047:          for (i=begr; i <= edr; i++) {
    #####: 1048:            r[i] = b[i] - q[i];
        -: 1049:          }
        -: 1050:        }
        -: 1051:      else
        -: 1052:        {
    #####: 1053:          for (i=begr; i<= edr; i++)
    #####: 1054:            r[i] -= alpha * q[i];
        -: 1055:        }
    #####: 1056:      for (i=begr; i<= edr; i++)
    #####: 1057:        s[i] = r[i] / hit[i];
        -: 1058:
    #####: 1059:      delta_old = delta_new;
    #####: 1060:      delta_new = 0.0;
    #####: 1061:      for (i = begr; i <= edr; i++) delta_new += r[i] * s[i];
    #####: 1062:      beta = delta_new / delta_old;
        -: 1063:
    #####: 1064:      for (i=begr; i<= edr; i++)
    #####: 1065:        d[i] = s[i] + beta * d[i];
    #####: 1066:      iter ++;
        -: 1067:    }
    #####: 1068:  fprintf (stderr,"gcmat3() iter = %d - delta0 = %lg - delta_new = %lg\n",
        -: 1069:          iter, delta0, delta_new);
    #####: 1070:  fprintf (stderr,"CG in iter = %d (max=%d)\n", iter, itermax);
        -: 1071:
    #####: 1072:  memcpy(vec,x,n*sizeof(double));
    #####: 1073:  return(delta_new/delta0);
        -: 1074:}
        -: 1075:
    #####: 1076:void matmul(double *in1,double *in2,double *out,int n)
        -: 1077:{
        -: 1078:  int i,j,k;
        -: 1079:
    #####: 1080:  for (i=0;i<n;i++) {
    #####: 1081:    for (j=0;j<n;j++) {
    #####: 1082:      double tmp=0;
    #####: 1083:      for (k=0;k<n;k++) {
    #####: 1084:        tmp+=in1[i+n*k]*in2[k+n*j];
        -: 1085:      }
    #####: 1086:      out[i+j*n]=tmp;
        -: 1087:    }
        -: 1088:  }
    #####: 1089:}
        -: 1090:
    #####: 1091:void euler_matrix_new(double a1,double a2,double a3,int itype,double *mat)
        -: 1092:{
    #####: 1093:  double c1 = cos(a1);
    #####: 1094:  double s1 = sin(a1);
    #####: 1095:  double c2 = cos(a2);
    #####: 1096:  double s2 = sin(a2);
    #####: 1097:  double c3 = cos(a3);
    #####: 1098:  double s3 = sin(a3);
        -: 1099:
    #####: 1100:  double ze = 0.0;
    #####: 1101:  double un = 1.0;
        -: 1102:
        -: 1103:  double m1[9], m2[9], m3[9];
        -: 1104:
        -: 1105:  //-- form full rotation matrix --
        -: 1106:  //-- FOR REFERENCE:
        -: 1107:  //
        -: 1108:  // itype : 1
        -: 1109:  // m1 = [[ c1,-s1,  0],[ s1, c1,  0],[  0,  0,  1]] ; around   z
        -: 1110:  // m2 = [[ c2,  0, s2],[  0,  1,  0],[-s2,  0, c2]] ; around   y
        -: 1111:  // m3 = [[  1,  0,  0],[  0, c3,-s3],[  0, s3, c3]] ; around   x
        -: 1112:  //
        -: 1113:  // itype : 2
        -: 1114:  // m1 = [[ c1,-s1,  0],[ s1, c1,  0],[  0,  0,  1]] ; around   z
        -: 1115:  // m2 = [[  1,  0,  0],[  0, c2,-s2],[  0, s2, c2]] ; around   x
        -: 1116:  // m3 = [[ c3,-s3,  0],[ s3, c3,  0],[  0,  0,  1]] ; around   z
        -: 1117:  //
        -: 1118:  // itype : 3
        -: 1119:  // m1 = [[ c1,-s1,  0],[ s1, c1,  0],[  0,  0,  1]] ; around   z
        -: 1120:  // m2 = [[ c2,  0, s2],[  0,  1,  0],[-s2,  0, c2]] ; around   y
        -: 1121:  // m3 = [[ c3,-s3,  0],[ s3, c3,  0],[  0,  0,  1]] ; around   z
        -: 1122:  //
        -: 1123:  //
        -: 1124:  // matrix = m1 ( m2 m3 )
        -: 1125:
        -: 1126:  //m1(:,1) = (/ c1,-s1, ze /)
        -: 1127:  //m1(:,2) = (/ s1, c1, ze /)
        -: 1128:  // m1(:,3) = (/ ze, ze, un /)
    #####: 1129:  m1[0]=c1;  m1[3]=-s1;  m1[6]=ze;
    #####: 1130:  m1[1]=s1;  m1[4]= c1;  m1[7]=ze;
    #####: 1131:  m1[2]=ze;  m1[5]= ze;  m1[8]=un;
        -: 1132:
    #####: 1133:  switch(itype) {
        -: 1134:
    #####: 1135:  case 1: // ZYX
        -: 1136:
        -: 1137:    //m2(:,1) = (/ c2, ze, s2 /)
        -: 1138:    //m2(:,2) = (/ ze, un, ze /)
        -: 1139:    //m2(:,3) = (/-s2, ze, c2 /)
    #####: 1140:    m2[0]=c2;  m2[3]=ze;  m2[6]=s2;
    #####: 1141:    m2[1]=ze;  m2[4]=un;  m2[7]=ze;
    #####: 1142:    m2[2]=-s2; m2[5]=ze;  m2[8]=c2;
        -: 1143:
        -: 1144:    //m3(:,1) = (/ un, ze, ze /)
        -: 1145:    //m3(:,2) = (/ ze, c3,-s3 /)
        -: 1146:    //m3(:,3) = (/ ze, s3, c3 /)
    #####: 1147:    m3[0]=un;  m3[3]=ze;  m3[6]=ze;
    #####: 1148:    m3[1]=ze;  m3[4]=c3;  m3[7]=-s3;
    #####: 1149:    m3[2]=ze;  m3[5]=s3;  m3[8]=c3;
    #####: 1150:    break;
        -: 1151:
    #####: 1152:  case 2: // ZXZ
        -: 1153:
        -: 1154:    //m2(:,1) = (/ un, ze, ze /)
        -: 1155:    //m2(:,2) = (/ ze, c2,-s2 /)
        -: 1156:    //m2(:,3) = (/ ze, s2, c2 /)
    #####: 1157:    m2[0]=un;  m2[1]=ze;  m2[2]=ze;
    #####: 1158:    m2[3]=ze;  m2[4]=c2;  m2[5]=-s2;
    #####: 1159:    m2[6]=ze;  m2[7]=s2;  m2[8]=c2;
        -: 1160:
        -: 1161:
        -: 1162:    //m3(:,1) = (/ c3,-s3, ze /)
        -: 1163:    //m3(:,2) = (/ s3, c3, ze /)
        -: 1164:    //m3(:,3) = (/ ze, ze, un /)
    #####: 1165:    m3[0]=c3;  m3[1]=-s3; m3[2]=ze;
    #####: 1166:    m3[3]=s3;  m3[4]=c3;  m3[5]=ze;
    #####: 1167:    m3[6]=ze;  m3[7]=ze;  m3[8]=un;
    #####: 1168:    break;
        -: 1169:
    #####: 1170:  case 3: // ZYZ
        -: 1171:
        -: 1172:    //m2(:,1) = (/ c2, ze, s2 /)
        -: 1173:    //m2(:,2) = (/ ze, un, ze /)
        -: 1174:    //m2(:,3) = (/-s2, ze, c2 /)
    #####: 1175:    m2[0]=c2;  m2[1]=ze;  m2[2]=s2;
    #####: 1176:    m2[3]=ze;  m2[4]=un;  m2[5]=ze;
    #####: 1177:    m2[6]=-s2; m2[7]=ze;  m2[8]=c2;
        -: 1178:
        -: 1179:    //m3(:,1) = (/ c3,-s3, ze /)
        -: 1180:    //m3(:,2) = (/ s3, c3, ze /)
        -: 1181:    //m3(:,3) = (/ ze, ze, un /)
    #####: 1182:    m3[0]=c3;  m3[1]=-s3; m3[2]=ze;
    #####: 1183:    m3[3]=s3;  m3[4]=c3;  m3[5]=ze;
    #####: 1184:    m3[6]=ze;  m3[7]=ze;  m3[8]=un;
    #####: 1185:    break;
        -: 1186:
    #####: 1187:  default:
    #####: 1188:    assert( 0 && "troll.c:euler_matrix_new() error, invalid itype value.");
        -: 1189:
        -: 1190:  }
        -: 1191:  double res[9];
        -: 1192:  //matrix = matmul(m1,matmul(m2,m3))
    #####: 1193:  matmul(m2,m3,res,3);
    #####: 1194:  matmul(m1,res,mat,3);
    #####: 1195:}
        -: 1196:
        -: 1197://==================================================================================
        -: 1198://
        -: 1199://    DFPMIN MINIMISATION
        -: 1200://
        -: 1201://==================================================================================
        -: 1202:#define SIGN(a,b) ((b) >= 0.0 ? fabs(a) : -fabs(a))
        -: 1203:int ncom;       /* defined in DLINMIN */
        -: 1204:double *pcom=0,*xicom=0,(*nrfunc)(double *);
        -: 1205:void (*nrdfun)(double *,double *);
        -: 1206:
        -: 1207:
        -: 1208:#define ITMAX 10000
        -: 1209:#define EPS 1.0e-16
        -: 1210:#define FREEALL free_vector(xi,1,n);free_vector(h,1,n);free_vector(g,1,n);
        -: 1211:#define TOL 2.0e-4
        -: 1212:
        -: 1213:int ncom=0;     /* defining declarations */
        -: 1214:
        -: 1215:#define GOLD 1.618034
        -: 1216:#define GLIMIT 100.0
        -: 1217:#define TINY 1.0e-20
        -: 1218:#define NRMAX(a,b) ((a) > (b) ? (a) : (b))
        -: 1219:#define SHFT(a,b,c,d) (a)=(b);(b)=(c);(c)=(d);
        -: 1220:
    #####: 1221:void mnbrak(double *ax,double *bx,double *cx,double *fa,double *fb,double *fc,double (*func)(double))
        -: 1222:{
        -: 1223:  double ulim,u,r,q,fu,dum;
        -: 1224:
    #####: 1225:  *fa=(*func)(*ax);
    #####: 1226:  *fb=(*func)(*bx);
    #####: 1227:  if (*fb > *fa) {
    #####: 1228:    SHFT(dum,*ax,*bx,dum)
    #####: 1229:    SHFT(dum,*fb,*fa,dum)
        -: 1230:  }
    #####: 1231:  *cx=(*bx)+GOLD*(*bx-*ax);
    #####: 1232:  *fc=(*func)(*cx);
    #####: 1233:  while (*fb > *fc) {
    #####: 1234:    r=(*bx-*ax)*(*fb-*fc);
    #####: 1235:    q=(*bx-*cx)*(*fb-*fa);
    #####: 1236:    u=(*bx)-((*bx-*cx)*q-(*bx-*ax)*r)/
    #####: 1237:      (2.0*SIGN(NRMAX(fabs(q-r),TINY),q-r));
    #####: 1238:    ulim=(*bx)+GLIMIT*(*cx-*bx);
    #####: 1239:    if ((*bx-u)*(u-*cx) > 0.0) {
    #####: 1240:      fu=(*func)(u);
    #####: 1241:      if (fu < *fc) {
    #####: 1242:        *ax=(*bx);
    #####: 1243:        *bx=u;
    #####: 1244:        *fa=(*fb);
    #####: 1245:        *fb=fu;
    #####: 1246:        return;
    #####: 1247:      } else if (fu > *fb) {
    #####: 1248:        *cx=u;
    #####: 1249:        *fc=fu;
    #####: 1250:        return;
        -: 1251:      }
    #####: 1252:      u=(*cx)+GOLD*(*cx-*bx);
    #####: 1253:      fu=(*func)(u);
    #####: 1254:    } else if ((*cx-u)*(u-ulim) > 0.0) {
    #####: 1255:      fu=(*func)(u);
    #####: 1256:      if (fu < *fc) {
    #####: 1257:        SHFT(*bx,*cx,u,*cx+GOLD*(*cx-*bx))
    #####: 1258:        SHFT(*fb,*fc,fu,(*func)(u))
        -: 1259:      }
    #####: 1260:    } else if ((u-ulim)*(ulim-*cx) >= 0.0) {
    #####: 1261:      u=ulim;
    #####: 1262:      fu=(*func)(u);
        -: 1263:    } else {
    #####: 1264:      u=(*cx)+GOLD*(*cx-*bx);
    #####: 1265:      fu=(*func)(u);
        -: 1266:    }
    #####: 1267:    SHFT(*ax,*bx,*cx,u)
    #####: 1268:    SHFT(*fa,*fb,*fc,fu)
        -: 1269:  }
        -: 1270:}
        -: 1271:
        -: 1272:#undef GOLD
        -: 1273:#undef GLIMIT
        -: 1274:#undef TINY
        -: 1275:#undef NRMAX
        -: 1276:#undef SHFT
        -: 1277:
        -: 1278:#define CGOLD 0.3819660
        -: 1279:#define ZEPS 1.0e-10
        -: 1280:#define SHFT(a,b,c,d) (a)=(b);(b)=(c);(c)=(d);
        -: 1281:
    #####: 1282:double brent(double ax,double bx,double cx,double (*f)(double ),double tol,double *xmin)
        -: 1283:{
        -: 1284:  int iter;
    #####: 1285:  double a,b,d=0.0,etemp,fu,fv,fw,fx,p,q,r,tol1,tol2,u,v,w,x,xm;
    #####: 1286:  double e=0.0;
        -: 1287:
    #####: 1288:  a=((ax < cx) ? ax : cx);
    #####: 1289:  b=((ax > cx) ? ax : cx);
    #####: 1290:  x=w=v=bx;
    #####: 1291:  fw=fv=fx=(*f)(x);
    #####: 1292:  for (iter=0;iter<ITMAX;iter++) {
    #####: 1293:    xm=0.5*(a+b);
    #####: 1294:    tol2=2.0*(tol1=tol*fabs(x)+ZEPS);
    #####: 1295:    if (fabs(x-xm) <= (tol2-0.5*(b-a))) {
    #####: 1296:      *xmin=x;
    #####: 1297:      return fx;
        -: 1298:    }
    #####: 1299:    if (fabs(e) > tol1) {
    #####: 1300:      r=(x-w)*(fx-fv);
    #####: 1301:      q=(x-v)*(fx-fw);
    #####: 1302:      p=(x-v)*q-(x-w)*r;
    #####: 1303:      q=2.0*(q-r);
    #####: 1304:      if (q > 0.0) p = -p;
    #####: 1305:      q=fabs(q);
    #####: 1306:      etemp=e;
    #####: 1307:      e=d;
    #####: 1308:      if (fabs(p) >= fabs(0.5*q*etemp) || p <= q*(a-x) || p >= q*(b-x))
    #####: 1309:        d=CGOLD*(e=(x >= xm ? a-x : b-x));
        -: 1310:      else {
    #####: 1311:        d=p/q;
    #####: 1312:        u=x+d;
    #####: 1313:        if (u-a < tol2 || b-u < tol2)
    #####: 1314:          d=SIGN(tol1,xm-x);
        -: 1315:      }
        -: 1316:    } else {
    #####: 1317:      d=CGOLD*(e=(x >= xm ? a-x : b-x));
        -: 1318:    }
    #####: 1319:    u=(fabs(d) >= tol1 ? x+d : x+SIGN(tol1,d));
    #####: 1320:    fu=(*f)(u);
    #####: 1321:    if (fu <= fx) {
    #####: 1322:      if (u >= x) a=x; else b=x;
    #####: 1323:      SHFT(v,w,x,u)
    #####: 1324:      SHFT(fv,fw,fx,fu)
        -: 1325:    } else {
    #####: 1326:      if (u < x) a=u; else b=u;
    #####: 1327:      if (fu <= fw || w == x) {
    #####: 1328:        v=w;
    #####: 1329:        w=u;
    #####: 1330:        fv=fw;
    #####: 1331:        fw=fu;
    #####: 1332:      } else if (fu <= fv || v == x || v == w) {
    #####: 1333:        v=u;
    #####: 1334:        fv=fu;
        -: 1335:      }
        -: 1336:    }
        -: 1337:  }
    #####: 1338:  fprintf(stderr,"Too many iterations in BRENT");
    #####: 1339:  *xmin=x;
    #####: 1340:  return fx;
        -: 1341:}
        -: 1342:
        -: 1343:#undef CGOLD
        -: 1344:#undef ZEPS
        -: 1345:
        -: 1346:#define NRANSI
        -: 1347:#define ZEPS 1.0e-10
        -: 1348:#define MOV3(a,b,c, d,e,f) (a)=(d);(b)=(e);(c)=(f);
        -: 1349:
    #####: 1350:double dbrent(double ax, double bx, double cx, double (*f)(double),
        -: 1351:        double (*df)(double), double tol, double *xmin)
        -: 1352:{
        -: 1353:  int iter,ok1,ok2;
    #####: 1354:  double a,b,d=0.0,d1,d2,du,dv,dw,dx,e=0.0;
        -: 1355:  double fu,fv,fw,fx,olde,tol1,tol2,u,u1,u2,v,w,x,xm;
        -: 1356:
    #####: 1357:  a=(ax < cx ? ax : cx);
    #####: 1358:  b=(ax > cx ? ax : cx);
    #####: 1359:  x=w=v=bx;
    #####: 1360:  fw=fv=fx=(*f)(x);
    #####: 1361:  dw=dv=dx=(*df)(x);
    #####: 1362:  for (iter=0;iter<ITMAX;iter++) {
    #####: 1363:    xm=0.5*(a+b);
    #####: 1364:    tol1=tol*fabs(x)+ZEPS;
    #####: 1365:    tol2=2.0*tol1;
    #####: 1366:    if (fabs(x-xm) <= (tol2-0.5*(b-a))) {
    #####: 1367:      *xmin=x;
    #####: 1368:      return fx;
        -: 1369:    }
    #####: 1370:    if (fabs(e) > tol1) {
    #####: 1371:      d1=2.0*(b-a);
    #####: 1372:      d2=d1;
    #####: 1373:      if (dw != dx) d1=(w-x)*dx/(dx-dw);
    #####: 1374:      if (dv != dx) d2=(v-x)*dx/(dx-dv);
    #####: 1375:      u1=x+d1;
    #####: 1376:      u2=x+d2;
    #####: 1377:      ok1 = (a-u1)*(u1-b) > 0.0 && dx*d1 <= 0.0;
    #####: 1378:      ok2 = (a-u2)*(u2-b) > 0.0 && dx*d2 <= 0.0;
    #####: 1379:      olde=e;
    #####: 1380:      e=d;
    #####: 1381:      if (ok1 || ok2) {
    #####: 1382:        if (ok1 && ok2)
    #####: 1383:          d=(fabs(d1) < fabs(d2) ? d1 : d2);
    #####: 1384:        else if (ok1)
    #####: 1385:          d=d1;
        -: 1386:        else
    #####: 1387:          d=d2;
    #####: 1388:        if (fabs(d) <= fabs(0.5*olde)) {
    #####: 1389:          u=x+d;
    #####: 1390:          if (u-a < tol2 || b-u < tol2)
    #####: 1391:            d=SIGN(tol1,xm-x);
        -: 1392:        } else {
    #####: 1393:          d=0.5*(e=(dx >= 0.0 ? a-x : b-x));
        -: 1394:        }
        -: 1395:      } else {
    #####: 1396:        d=0.5*(e=(dx >= 0.0 ? a-x : b-x));
        -: 1397:      }
        -: 1398:    } else {
    #####: 1399:      d=0.5*(e=(dx >= 0.0 ? a-x : b-x));
        -: 1400:    }
    #####: 1401:    if (fabs(d) >= tol1) {
    #####: 1402:      u=x+d;
    #####: 1403:      fu=(*f)(u);
        -: 1404:    } else {
    #####: 1405:      u=x+SIGN(tol1,d);
    #####: 1406:      fu=(*f)(u);
    #####: 1407:      if (fu > fx) {
    #####: 1408:        *xmin=x;
    #####: 1409:        return fx;
        -: 1410:      }
        -: 1411:    }
    #####: 1412:    du=(*df)(u);
    #####: 1413:    if (fu <= fx) {
    #####: 1414:      if (u >= x) a=x; else b=x;
    #####: 1415:      MOV3(v,fv,dv, w,fw,dw)
    #####: 1416:      MOV3(w,fw,dw, x,fx,dx)
    #####: 1417:      MOV3(x,fx,dx, u,fu,du)
        -: 1418:    } else {
    #####: 1419:      if (u < x) a=u; else b=u;
    #####: 1420:      if (fu <= fw || w == x) {
    #####: 1421:        MOV3(v,fv,dv, w,fw,dw)
    #####: 1422:        MOV3(w,fw,dw, u,fu,du)
    #####: 1423:      } else if (fu < fv || v == x || v == w) {
    #####: 1424:        MOV3(v,fv,dv, u,fu,du)
        -: 1425:          }
        -: 1426:    }
        -: 1427:  }
    #####: 1428:  fprintf(stderr,"Too many iterations in routine dbrent");
    #####: 1429:  return 0.0;
        -: 1430:}
        -: 1431:
    #####: 1432:double f1dim(double x)
        -: 1433:{
        -: 1434:  int j;
        -: 1435:  double f,*xt;
        -: 1436:
    #####: 1437:  xt= (double *) malloc(ncom*sizeof(double));
    #####: 1438:  for (j=0;j<ncom;j++) xt[j]=pcom[j]+x*xicom[j];
    #####: 1439:  f=(*nrfunc)(xt);
    #####: 1440:  free(xt);
    #####: 1441:  return f;
        -: 1442:}
        -: 1443:
    #####: 1444:double df1dim(double x)
        -: 1445:{
        -: 1446:
        -: 1447:  int j;
    #####: 1448:  double df1=0.0;
        -: 1449:  double *xt,*df;
        -: 1450:
    #####: 1451:  xt= (double *) malloc(ncom*sizeof(double));
    #####: 1452:  df= (double *) malloc(ncom*sizeof(double));
    #####: 1453:  for (j=0;j<ncom;j++) xt[j]=pcom[j]+x*xicom[j];
    #####: 1454:  (*nrdfun)(xt,df);
    #####: 1455:  for (j=0;j<ncom;j++) df1 += df[j]*xicom[j];
    #####: 1456:  free(df);
    #####: 1457:  free(xt);
    #####: 1458:  return df1;
        -: 1459:}
        -: 1460:
        -: 1461:
        -: 1462:
    #####: 1463:void dlinmin(double *p,double *xi,int n,double *fret,
        -: 1464:            double (*func)(double *p),
        -: 1465:            void (*dfunc)(double *p,double *xi))
        -: 1466:{
        -: 1467:  int j;
        -: 1468:  double xx,fx,fb,fa,bx,ax;
    #####: 1469:  double xmin = DBL_MIN;
        -: 1470:  void mnbrak();
        -: 1471:
    #####: 1472:  ncom=n;
    #####: 1473:  double *pcom=(double *) malloc(sizeof(double)*n);
    #####: 1474:  double *xicom=(double *) malloc(sizeof(double)*n);
    #####: 1475:  nrfunc=func;
    #####: 1476:  nrdfun=dfunc;
    #####: 1477:  for (j=0;j<n;j++) {
    #####: 1478:    pcom[j]=p[j];
    #####: 1479:    xicom[j]=xi[j];
        -: 1480:  }
    #####: 1481:  ax=0.0;
    #####: 1482:  xx=1.0;
    #####: 1483:  mnbrak(&ax,&xx,&bx,&fa,&fx,&fb,f1dim);
    #####: 1484:  *fret=dbrent(ax,xx,bx,f1dim,df1dim,TOL,&xmin);
    #####: 1485:  for (j=0;j<n;j++) {
    #####: 1486:    xi[j] *= xmin;
    #####: 1487:    p[j] += xi[j];
        -: 1488:  }
    #####: 1489:  free(xicom);free(pcom);
    #####: 1490:}
        -: 1491:#define NRANSI
        -: 1492:#define TOL 2.0e-4
        -: 1493:
        -: 1494:int gainoff=0;
        -: 1495:PIOLONG nbolo;
        -: 1496:PIOLONG GAINSTEP;
        -: 1497:PIOLONG GAINSTEPADU;
        -: 1498:
    #####: 1499:void linmin(double *p, double *xi, int n, double *fret,
        -: 1500:            double (*func)(double *))
        -: 1501:{
        -: 1502:  int j;
        -: 1503:  double xx,xmin,fx,fb,fa,bx,ax;
        -: 1504:
    #####: 1505:  ncom=n;
    #####: 1506:  pcom= (double *)malloc(n*sizeof(double));
    #####: 1507:  xicom= (double *)malloc(n*sizeof(double));
    #####: 1508:  nrfunc=func;
    #####: 1509:  for (j=0;j<n;j++) {
    #####: 1510:    pcom[j]=p[j];
    #####: 1511:    xicom[j]=xi[j];
        -: 1512:  }
    #####: 1513:  ax=0.0;
    #####: 1514:  xx=1.0;
        -: 1515:  // peut-etre ici que j'evite de me taper les >>1%
    #####: 1516:  double total=1;
    #####: 1517:  while (total>1E-3) {
    #####: 1518:    total=0;
    #####: 1519:    for (j=0;j<GAINSTEP*nbolo;j++) {
    #####: 1520:      total=(p[j+gainoff]+xx*xi[j+gainoff]-1)*(p[j+gainoff]+xx*xi[j+gainoff]-1);
        -: 1521:    }
    #####: 1522:    total/=((double) n);
    #####: 1523:    if (total>1E-3) xx/=2;
        -: 1524:  }
        -: 1525:
    #####: 1526:  mnbrak(&ax,&xx,&bx,&fa,&fx,&fb,f1dim);
    #####: 1527:  *fret=brent(ax,xx,bx,f1dim,TOL,&xmin);
        -: 1528:
        -: 1529:  // autre endroit ou j'evite de me taper les >>1%
    #####: 1530:  total=1;
    #####: 1531:  while (total>1E-3) {
    #####: 1532:    total=0;
    #####: 1533:    for (j=0;j<GAINSTEP*nbolo;j++) {
    #####: 1534:      total=(xmin*xi[j+gainoff])*(xmin*xi[j+gainoff]);
        -: 1535:    }
    #####: 1536:    total/=((double) n);
    #####: 1537:    if (total>1E-3) xmin/=2;
        -: 1538:  }
        -: 1539:
    #####: 1540:  for (j=0;j<n;j++) {
    #####: 1541:    xi[j] *= xmin;
    #####: 1542:    p[j] += xi[j];
        -: 1543:  }
    #####: 1544:  free(xicom);
    #####: 1545:  free(pcom);
    #####: 1546:}
        -: 1547:#undef TOL
        -: 1548:#undef NRANSI
        -: 1549:
        -: 1550:#undef TOL
        -: 1551:PIOLONG *newnr;
        -: 1552:
    #####: 1553:void frprmn(double *p,int n,double ftol,int *iter,double *fret,
        -: 1554:            double (*func)(double *p),
        -: 1555:            void  (*dfunc)(double *p,double *xi))
        -: 1556:{
        -: 1557:  int j,its;
        -: 1558:  double gg,gam,fp,dgg;
    #####: 1559:  double *g = (double *) malloc(sizeof(double)*n);
    #####: 1560:  double *h = (double *) malloc(sizeof(double)*n);
    #####: 1561:  double *xi= (double *) malloc(sizeof(double)*n);
        -: 1562:
        -: 1563:  int rank_size;
    #####: 1564:  MPI_Comm_rank(MPI_COMM_WORLD,&rank_size);
    #####: 1565:  int rank=rank_size;
        -: 1566:
    #####: 1567:  memset(h,0,sizeof(double)*n);
    #####: 1568:  fp=(*func)(p);
    #####: 1569:  (*dfunc)(p,xi);
    #####: 1570:  for (j=0;j<n;j++) {
    #####: 1571:    g[j] = -xi[j];
    #####: 1572:    xi[j]=h[j]=g[j];
        -: 1573:  }
    #####: 1574:  for (its=0;its<ITMAX;its++) {
    #####: 1575:    *iter=its;
    #####: 1576:    linmin(p,xi,n,fret,func);
    #####: 1577:    if (2.0*fabs(*fret-fp) <= ftol*(fabs(*fret)+fabs(fp)+EPS)||*fret>fp) {
    #####: 1578:      free(g);free(h);free(xi);
    #####: 1579:      if (rank==0) fprintf(stderr,"ABS OK fret[%ld] = %lg %lg %lg %lg %lg %lg\n",(long) its,fp,*fret,p[0],p[1],p[2],p[3]);
    #####: 1580:      return;
        -: 1581:    }
    #####: 1582:    if (rank==0) fprintf(stderr,"fret[%ld] = %lg %lg %lg %lg %lg %lg : %lg\n",(long) its,fp,*fret,
    #####: 1583:                         p[0]-1.01,p[1]-1.01,p[2]-1.01,p[3]-1.01,
    #####: 1584:                          (p[0]-1.01)*(p[0]-1.01)+
    #####: 1585:                          (p[1]-1.01)*(p[1]-1.01)+
    #####: 1586:                          (p[2]-1.01)*(p[2]-1.01)+
    #####: 1587:                          (p[3]-1.01)*(p[3]-1.01));
        -: 1588:
    #####: 1589:    fp=(*func)(p);
    #####: 1590:    (*dfunc)(p,xi);
    #####: 1591:    dgg=gg=0.0;
    #####: 1592:    for (j=0;j<n;j++) {
    #####: 1593:      gg += g[j]*g[j];
    #####: 1594:      dgg += xi[j]*xi[j];
        -: 1595:      //dgg += (xi[j]+g[j])*xi[j];
        -: 1596:    }
    #####: 1597:    if (gg == 0.0) {
    #####: 1598:      free(g);free(h);free(xi);
    #####: 1599:      if (rank==0) fprintf(stderr,"gg==0 fret[%ld] = %lg %lg %lg %lg %lg\n",(long) its,*fret,p[newnr[nbolo]-1],
    #####: 1600:                           p[newnr[nbolo]],p[newnr[nbolo]+1],p[newnr[nbolo]+2]);
    #####: 1601:      return;
        -: 1602:    }
    #####: 1603:    gam=dgg/gg;
    #####: 1604:    for (j=0;j<n;j++) {
    #####: 1605:      g[j] = -xi[j];
    #####: 1606:      xi[j]=h[j]=g[j]+gam*h[j];
        -: 1607:    }
        -: 1608:  }
    #####: 1609:  free(g);free(h);free(xi);
        -: 1610:  //fprintf(stderr,"Too many iterations in FRPRMN\n");
        -: 1611:}
        -: 1612:
        -: 1613:#undef ITMAX
        -: 1614:#undef EPS
        -: 1615:#undef FREEALL
        -: 1616:
        -: 1617:
        -: 1618:#define ITMAX 2000
        -: 1619:#define EPS 1.0e-10
        -: 1620:
    #####: 1621:void dfpmin(double *p,int n,double ftol,int *iter,double *fret,double (*func)(),void (*dfunc)())
        -: 1622:{
        -: 1623:  int rank_size;
    #####: 1624:  MPI_Comm_rank(MPI_COMM_WORLD,&rank_size);
    #####: 1625:  int rank=rank_size;
        -: 1626:  int j,i,its;
        -: 1627:  double fp,fae,fad,fac;
        -: 1628:  double *xi,*g,*dg,*hdg,*vector();
        -: 1629:  double **hessin,**matrix();
    #####: 1630:  double *p0=(double *)malloc(sizeof(double)*n);
    #####: 1631:  for (i=0;i<n;i++) p0[i]=2;
        -: 1632:
    #####: 1633:  hessin=(double **) malloc(sizeof(double *)*n);
    #####: 1634:  for (i=0;i<n;i++) hessin[i]=(double *) malloc(sizeof(double)*n);
        -: 1635:
    #####: 1636:  xi=(double *) malloc(sizeof(double)*n);
    #####: 1637:  g=(double *) malloc(sizeof(double)*n);
    #####: 1638:  dg=(double *) malloc(sizeof(double)*n);
    #####: 1639:  hdg=(double *) malloc(sizeof(double)*n);
    #####: 1640:  fp=(*func)(p);
    #####: 1641:  (*dfunc)(p,g);
        -: 1642:
    #####: 1643:  for (i=0;i<n;i++) {
    #####: 1644:    for (j=0;j<n;j++) hessin[i][j]=0.0;
    #####: 1645:    hessin[i][i]=1.0;
    #####: 1646:    xi[i] = -g[i];
        -: 1647:  }
    #####: 1648:  for (its=0;its<ITMAX;its++) {
    #####: 1649:    *iter=its;
    #####: 1650:    linmin(p,xi,n,fret,func);
    #####: 1651:    double diffp=0;
    #####: 1652:    for (i=0;i<n;i++) diffp+=(p0[i]-p[i])*(p0[i]-p[i]);
    #####: 1653:    diffp=sqrt(diffp/n);
        -: 1654:
    #####: 1655:    if (2.0*fabs(*fret-fp) <= ftol*(fabs(*fret)+fabs(fp)+EPS)||*fret<1E-10||diffp<1E-10 ||fabs(*fret-fp)<1E-12) {
    #####: 1656:      if (rank==0) fprintf(stderr,"END ABS fret[%ld] = %.10lg %.10lg %lg %lg %lg %lg : %lg %lg %lg\n",(long) its,fp,*fret,
    #####: 1657:                           p[gainoff+0],p[gainoff+1],p[gainoff+2],p[gainoff+3],ftol*(fabs(*fret)+fabs(fp)+EPS),fabs(*fret-fp),diffp);
    #####: 1658:      free(hdg);
    #####: 1659:      free(dg);
    #####: 1660:      free(g);
    #####: 1661:      free(xi);
    #####: 1662:      free(p0);
    #####: 1663:      for (i=0;i<n;i++) free(hessin[i]);
    #####: 1664:      free(hessin);
    #####: 1665:      return;
        -: 1666:    }
    #####: 1667:    memcpy(p0,p,n*sizeof(double));
        -: 1668:
    #####: 1669:    if (rank==0) fprintf(stderr,"fret[%ld] %lg =\t%.10lg\t%.10lg\t%lg\t[ %lg %lg %lg %lg ]\n",(long) its,diffp,fp,*fret,fp-*fret,
    #####: 1670:                         p[gainoff+0],p[gainoff+1],p[gainoff+2],p[gainoff+3]);
    #####: 1671:    fp=(*fret);
    #####: 1672:    for (i=0;i<n;i++) dg[i]=g[i];
    #####: 1673:    *fret=(*func)(p);
    #####: 1674:    (*dfunc)(p,g);
    #####: 1675:    for (i=0;i<n;i++) dg[i]=g[i]-dg[i];
    #####: 1676:    for (i=0;i<n;i++) {
    #####: 1677:      hdg[i]=0.0;
    #####: 1678:      for (j=0;j<n;j++) hdg[i] += hessin[i][j]*dg[j];
        -: 1679:    }
    #####: 1680:    fac=fae=0.0;
    #####: 1681:    for (i=0;i<n;i++) {
    #####: 1682:      fac += dg[i]*xi[i];
    #####: 1683:      fae += dg[i]*hdg[i];
        -: 1684:    }
    #####: 1685:    fac=1.0/fac;
    #####: 1686:    fad=1.0/fae;
    #####: 1687:    for (i=0;i<n;i++) dg[i]=fac*xi[i]-fad*hdg[i];
    #####: 1688:    for (i=0;i<n;i++)
    #####: 1689:      for (j=0;j<n;j++)
    #####: 1690:        hessin[i][j] += fac*xi[i]*xi[j]
    #####: 1691:          -fad*hdg[i]*hdg[j]+fae*dg[i]*dg[j];
    #####: 1692:    for (i=0;i<n;i++) {
    #####: 1693:      xi[i]=0.0;
    #####: 1694:      for (j=0;j<n;j++) xi[i] -= hessin[i][j]*g[j];
        -: 1695:    }
        -: 1696:  }
    #####: 1697:  fprintf(stderr,"Too many iterations in DFPMIN");
        -: 1698:}
        -: 1699:
        -: 1700:#undef ITMAX
        -: 1701:#undef EPS
        -: 1702:
        -: 1703:double **rawcst;
        -: 1704:
        -: 1705:int nadudeg=1;
        -: 1706:
        -: 1707:// TODO TODO
        -: 1708:long nnbpix;
        -: 1709:hpix **loc_hpix;
        -: 1710:PIOLONG *loc_nhpix;
        -: 1711:
        -: 1712:double *SSI;
        -: 1713:double *SSQ;
        -: 1714:double *SSU;
        -: 1715:double *SSI2;
        -: 1716:double *SSQ2;
        -: 1717:double *SSU2;
        -: 1718:double *II;
        -: 1719:double *IQ;
        -: 1720:double *IU;
        -: 1721:double *QQ;
        -: 1722:double *UU;
        -: 1723:double *QU;
        -: 1724:
        -: 1725:double *dthetai;
        -: 1726:double *dthetaq;
        -: 1727:double *dthetau;
        -: 1728:
        -: 1729:double *dii;
        -: 1730:double *dqq;
        -: 1731:double *duu;
        -: 1732:
        -: 1733://double *ddegi;
        -: 1734://double *ddegq;
        -: 1735://double *ddegu;
        -: 1736:
        -: 1737:double *dcoi;
        -: 1738:double *dcoq;
        -: 1739:double *dcou;
        -: 1740:
        -: 1741:double *dfri;
        -: 1742:double *dfrq;
        -: 1743:double *dfru;
        -: 1744:
        -: 1745:double *ddusti;
        -: 1746:double *ddustq;
        -: 1747:double *ddustu;
        -: 1748:
        -: 1749:double *dpixi;
        -: 1750:double *dpixq;
        -: 1751:double *dpixu;
        -: 1752:
        -: 1753:double *daduspli;
        -: 1754:double *dadusplq;
        -: 1755:double *dadusplu;
        -: 1756:
        -: 1757:double *cdip;
        -: 1758:double *cco;
        -: 1759:double *ccfree;
        -: 1760:double *ctheta;
        -: 1761:double *cdust;
        -: 1762:double *cpix;
        -: 1763:double *dapix;
        -: 1764:double *ctmp;
        -: 1765:double *g;
        -: 1766:PIOBYTE *flgpix;
        -: 1767:
        -: 1768:troll_parContent* Param;
        -: 1769:
        -: 1770:PIOLONG globalBeginRing;
        -: 1771:PIOLONG globalEndRing;
        -: 1772:PIOLONG globalRangeRing;
        -: 1773:// This new struct allow to store the ring distribution (begin/end) among each rank
        -: 1774:typedef struct {
        -: 1775:  PIOLONG *BeginRing;
        -: 1776:  PIOLONG *EndRing;
        -: 1777:} rankInfo;
        -: 1778:
        -: 1779:rankInfo globalRankInfo;
        -: 1780:
        -: 1781:
        -: 1782:PIOINT **rgord;
        -: 1783:
        -: 1784:double *eta_dest;
        -: 1785:double *eta;
        -: 1786:double *dpsico;
        -: 1787:double *dpsisi;
        -: 1788:
        -: 1789:PIOLONG nadu=0;
        -: 1790:
        -: 1791:
        -: 1792:PIOBYTE **flg_rg;
        -: 1793:long npixbeam;
        -: 1794:PIOLONG nmatco;
        -: 1795:PIOLONG nfreefree;
        -: 1796:PIOLONG nmatdust;
        -: 1797:long ittt,itbogo;
        -: 1798:double *qmat;
        -: 1799:double *umat;
        -: 1800:long nmatres;
        -: 1801:int testzero=-1;
        -: 1802:
        -: 1803:double normaoff=0;
        -: 1804:double *NEP_tab = NULL;
        -: 1805:
        -: 1806:DETNAME *pixnames;   // array of bolometers pixname in the same order as in the parameter files
        -: 1807:int     *freqs;      // frequency of each bolometer in pixnames array
        -: 1808:int      singleFreq; // set to the frequency of all bolometers if single channel, else 0
        -: 1809:
        -: 1810:long REMHDIP;
        -: 1811:long DOFITANGLE=0;
        -: 1812:long DOFITPOLEFF=0;
        -: 1813:long DOCO13=0;
        -: 1814:long NDOCNN=0;
        -: 1815:int DOCNN[MAXTHEOHPR];
        -: 1816:PIOBYTE COMP_CNN=0;
        -: 1817:WrapPython MyPythonBackend;
        -: 1818:
        -: 1819:PIOINT DOSYNCHRO=0;
        -: 1820:double *x2;
        -: 1821:double *x2old;
        -: 1822:double *x2init;
        -: 1823:double *b2;
        -: 1824:double *d2;
        -: 1825:double *q2;
        -: 1826:double *r2;
        -: 1827:double *s2;
        -: 1828:double *hit2;
        -: 1829:PIOLONG docutrg;
        -: 1830:
        -: 1831:long nmatpix;
        -: 1832:#define FITGAIN
        -: 1833:#ifdef FITGAIN
        -: 1834:  int nitbogo=4;
        -: 1835:#else
        -: 1836:  int nitbogo=1;
        -: 1837:#endif
        -: 1838:int DOTDUST;
        -: 1839:int MAXFREQ=0;
        -: 1840:PIOLONG CUTRG;
        -: 1841:PIOLONG *newnr2;
        -: 1842:PIOINT **rgord2;
        -: 1843://int *the_stat_pix;
        -: 1844:double delta0;
        -: 1845:
        -: 1846:double **cache_xi2;
        -: 1847:double **cache_gain_xi2;
        -: 1848:long n_cache_xi2=0;
        -: 1849:
        -: 1850:int NOMOREFITTED=0;
        -: 1851:
        -: 1852:double *mat1_adu=NULL;
        -: 1853:double *mat2_adu=NULL;
        -: 1854:
        -: 1855:
    #####: 1856:void plotfloat(float *data,int ndata)
        -: 1857:{
        -: 1858:  int i;
        -: 1859:
    #####: 1860:  PyObject *arglist = Py_BuildValue("(l)", (long) ndata);
    #####: 1861:  PyObject *py_table  = EXECPYTHON(PyObject_CallObject(MyPythonBackend.allocf32, arglist));
        -: 1862:
    #####: 1863:  float *signal  = (float * )PyArray_DATA((PyArrayObject *)py_table  );
    #####: 1864:  for (i=0;i<ndata;i++) {
    #####: 1865:    signal[i]=data[i];
        -: 1866:  }
        -: 1867:  
    #####: 1868:  arglist = PyTuple_New(1);
    #####: 1869:  PyTuple_SetItem(arglist,0,py_table);
        -: 1870:  
    #####: 1871:  PyObject *myrun = EXECPYTHON(PyObject_CallObject(MyPythonBackend.pltvec, arglist));
    #####: 1872:  if (myrun==NULL) exit(0);
    #####: 1873:  Py_DECREF(arglist); 
    #####: 1874:}
    #####: 1875:void plothistofloat(float *data,float *hdata,int ndata)
        -: 1876:{
        -: 1877:  int i;
        -: 1878:
    #####: 1879:  PyObject *arglist = Py_BuildValue("(l)", (long) ndata);
    #####: 1880:  PyObject *py_table  = EXECPYTHON(PyObject_CallObject(MyPythonBackend.allocf32, arglist));
    #####: 1881:  PyObject *py_wtable  = EXECPYTHON(PyObject_CallObject(MyPythonBackend.allocf32, arglist));
        -: 1882:
    #####: 1883:  float *signal  = (float * )PyArray_DATA((PyArrayObject *)py_table  );
    #####: 1884:  for (i=0;i<ndata;i++) {
    #####: 1885:    signal[i]=data[i];
        -: 1886:  }
    #####: 1887:  signal  = (float * )PyArray_DATA((PyArrayObject *)py_wtable  );
    #####: 1888:  for (i=0;i<ndata;i++) {
    #####: 1889:    signal[i]=hdata[i];
        -: 1890:  }
        -: 1891:  
    #####: 1892:  arglist = PyTuple_New(2);
    #####: 1893:  PyTuple_SetItem(arglist,0,py_table);
    #####: 1894:  PyTuple_SetItem(arglist,1,py_wtable);
        -: 1895:  
    #####: 1896:  PyObject *myrun = EXECPYTHON(PyObject_CallObject(MyPythonBackend.plthisto, arglist));
    #####: 1897:  if (myrun==NULL) exit(0);
    #####: 1898:  Py_DECREF(arglist); 
    #####: 1899:}
        -: 1900:
        -: 1901:
    #####: 1902:void plotdouble(double *data,int ndata)
        -: 1903:{
        -: 1904:  int i;
        -: 1905:
    #####: 1906:  PyObject *arglist = Py_BuildValue("(l)", (long) ndata);
    #####: 1907:  PyObject *py_table  = EXECPYTHON(PyObject_CallObject(MyPythonBackend.allocf32, arglist));
        -: 1908:
    #####: 1909:  float *signal  = (float * )PyArray_DATA((PyArrayObject *)py_table  );
    #####: 1910:  for (i=0;i<ndata;i++) {
    #####: 1911:    signal[i]=data[i];
        -: 1912:  }
        -: 1913:  
    #####: 1914:  arglist = PyTuple_New(1);
    #####: 1915:  PyTuple_SetItem(arglist,0,py_table);
        -: 1916:  
    #####: 1917:  PyObject *myrun = EXECPYTHON(PyObject_CallObject(MyPythonBackend.pltvec, arglist));
    #####: 1918:  if (myrun==NULL) exit(0);
    #####: 1919:  Py_DECREF(arglist); 
    #####: 1920:}
        -: 1921:
    #####: 1922:void minimize_gain_gi(double *ix2,double *gaingi)
        -: 1923:{
        -: 1924:  MPI_Status statu;
        -: 1925:  long i,rrk,j,k,l1,l2,ib;
    #####: 1926:  int itermax = (NUMBEROFITER);
        -: 1927:  int iter;
        -: 1928:  double  delta_new, delta_old, beta;
    #####: 1929:  double  alpha=1.0; // get rid of gcc "maybe-uninitialized" warning depending on optimsation level
        -: 1930:
        -: 1931:  PIOLONG GAINSTEP2;
        -: 1932:  int rank;
        -: 1933:  int size;
        -: 1934:  int mpi_size;
        -: 1935:  int rank_size;
    #####: 1936:  MPI_Comm_rank(MPI_COMM_WORLD,&rank_size);
    #####: 1937:  rank=rank_size;
    #####: 1938:  MPI_Comm_size(MPI_COMM_WORLD,&size);
    #####: 1939:  mpi_size=size;
        -: 1940:
    #####: 1941:  GAINSTEP2=GAINSTEP;
        -: 1942:
    #####: 1943:  nmatres=newnr[nbolo]+nbolo*(npixbeam+GAINSTEP2)+nmatco+nmatdust+nfreefree;
        -: 1944:
    #####: 1945:  if (rank==0) {
    #####: 1946:    fprintf(stderr,"==============================\n\nminimize_gain_gi(): ITERATION %ld/%d\n\n==============================\n",itbogo,Param->NITT);
    #####: 1947:    fprintf(stderr,"DISTOR %d\n",(int) DODISTOR);
    #####: 1948:    fprintf(stderr,"GAIN ");
    #####: 1949:    for (i=0;i<nbolo;i++) fprintf(stderr,"%lg ",gaingi[i*GAINSTEP]);
    #####: 1950:    fprintf(stderr,"\n");
    #####: 1951:    if (GAINSTEP>1) {
    #####: 1952:      fprintf(stderr,"...\nGAIN ");
    #####: 1953:      for (i=0;i<nbolo;i++) fprintf(stderr,"%lg ",gaingi[i*GAINSTEP+(GAINSTEP-1)]);
    #####: 1954:      fprintf(stderr,"\n");
        -: 1955:    }
        -: 1956:  }
    #####: 1957:  if (itbogo==0) delta0=0;
    #####: 1958:  MPI_Barrier(MPI_COMM_WORLD);
        -: 1959:
        -: 1960:  struct timeval tp1,tp2;
    #####: 1961:  gettimeofday(&tp1,NULL);
        -: 1962:
    #####: 1963:  iter = 0;
    #####: 1964:  memset(b2  ,0,nmatres*sizeof (double));
    #####: 1965:  memset(d2  ,0,nmatres*sizeof (double));
    #####: 1966:  memset(q2  ,0,nmatres*sizeof (double));
    #####: 1967:  memset(r2  ,0,nmatres*sizeof (double));
    #####: 1968:  memset(s2  ,0,nmatres*sizeof (double));
    #####: 1969:  memset(hit2,0,nmatres*sizeof (double));
        -: 1970:
        -: 1971:  //==========================================
        -: 1972:  //=  Compute second member
        -: 1973:  //=
        -: 1974:  //=
        -: 1975:  long l,m;
        -: 1976:
        -: 1977:  ////// BUILD B2
        -: 1978:  //GetProcMem(&vmem,&phymem);
        -: 1979:  //if (rank==0) fprintf(stderr,"Rank: %ld Line=%d MEM %.1lf[%.1lf]MB\n",
        -: 1980:  //                  (long) rank, __LINE__,
        -: 1981:  //                  (double) vmem/1024./1024.,
        -: 1982:  //                  (double) phymem/1024./1024.);
        -: 1983:
    #####: 1984:  for (k=0;k<nnbpix;k++)  {
        -: 1985:    //long imat=the_stat_pix[k];
    #####: 1986:    long ndata = loc_nhpix[k];
    #####: 1987:    hpix *htmp = loc_hpix[k];
    #####: 1988:    II[k]=0;
    #####: 1989:    IQ[k]=0;
    #####: 1990:    IU[k]=0;
    #####: 1991:    QQ[k]=0;
    #####: 1992:    UU[k]=0;
    #####: 1993:    QU[k]=0;
        -: 1994:
        -: 1995:
    #####: 1996:    for (l1=0;l1<ndata;l1++) {
    #####: 1997:      long ri1=htmp[l1].rg-globalBeginRing;
        -: 1998:
    #####: 1999:      double CO1=eta_dest[htmp[l1].ib]*(dpsico[htmp[l1].ib]*htmp[l1].co
    #####: 2000:                                        -dpsisi[htmp[l1].ib]*htmp[l1].si);
    #####: 2001:      double SI1=eta_dest[htmp[l1].ib]*(dpsico[htmp[l1].ib]*htmp[l1].si
    #####: 2002:                                        +dpsisi[htmp[l1].ib]*htmp[l1].co);
    #####: 2003:      if (flg_rg[htmp[l1].ib][ri1]!=0) {
    #####: 2004:        II[k]+=htmp[l1].w;
    #####: 2005:        IQ[k]+=htmp[l1].w*CO1;
    #####: 2006:        IU[k]+=htmp[l1].w*SI1;
    #####: 2007:        QQ[k]+=htmp[l1].w*CO1*CO1;
    #####: 2008:        QU[k]+=htmp[l1].w*SI1*CO1;
    #####: 2009:        UU[k]+=htmp[l1].w*SI1*SI1;
        -: 2010:      }
        -: 2011:    }
        -: 2012:
[...]
   196385:11819:		if (DOCO13==1)
   196385:11820:		  sig_corr2+=htmp[i].listofpix[npixbeam-1-DOSYNCHRO]*c2; //13CO
        -:11821:
   196385:11822:		MAPS_CORR_CO[0+htmp[i].ib*3][k] += htmp[i].w*sig_corr2;
   196385:11823:		MAPS_CORR_CO[1+htmp[i].ib*3][k] += htmp[i].w*sig_corr2*CO1;
   196385:11824:		MAPS_CORR_CO[2+htmp[i].ib*3][k] += htmp[i].w*sig_corr2*SI1;
        -:11825:
   196385:11826:		MAPS_CORR_DUST[0+htmp[i].ib*3][k] += htmp[i].w*sig_corr3;
   196385:11827:		MAPS_CORR_DUST[1+htmp[i].ib*3][k] += htmp[i].w*sig_corr3*CO1;
   196385:11828:		MAPS_CORR_DUST[2+htmp[i].ib*3][k] += htmp[i].w*sig_corr3*SI1;
        -:11829:
   196385:11830:		MAPS_COV_DUST [0+htmp[i].ib*6][k] += htmp[i].w;
   196385:11831:		MAPS_COV_DUST [1+htmp[i].ib*6][k] += htmp[i].w*CO1;
   196385:11832:		MAPS_COV_DUST [2+htmp[i].ib*6][k] += htmp[i].w*SI1;
   196385:11833:		MAPS_COV_DUST [3+htmp[i].ib*6][k] += htmp[i].w*CO1*CO1;
   196385:11834:		MAPS_COV_DUST [4+htmp[i].ib*6][k] += htmp[i].w*CO1*SI1;
   196385:11835:		MAPS_COV_DUST [5+htmp[i].ib*6][k] += htmp[i].w*SI1*SI1;
        -:11836:	      }
        -:11837:            }
        -:11838:          }
        -:11839:        }
        -:11840:
       36:11841:        MPI_Barrier(MPI_COMM_WORLD);
        -:11842:        double l_th, l_ph; // local_theta, local_phi
        -:11843:        int p; // some map counter
        -:11844:
452984868:11845:        for (k=0;k<nnbpix;k++) {
452984832:11846:          long ndata = loc_nhpix[k];
452984832:11847:          hpix *htmp = loc_hpix[k];
452984832:11848:          if (detset==0 && isurv==0) {
 50331648:11849:            for (i=0;i<ndata;i++) htmp[i].vi=UNSEENPIX;
        -:11850:          }
        -:11851:
452984832:11852:          pix2ang_ring(Nside,k+begpix[rank],&l_th,&l_ph);
        -:11853:
452984832:11854:          if (MAPS_COV[0][k]>0) {
   452612:11855:            if (Param->OUT_NOPOL[detset]%2==1) {
   452612:11856:              MAPS_CORR[0][k]/=MAPS_COV[0][k];
   452612:11857:              if (MAPS_COV[1][k]>0) {
   310208:11858:                MAPS_CORR[1][k]/=MAPS_COV[1][k]; // get polar+bandpass cleanned version
        -:11859:              }
        -:11860:              else {
   142404:11861:                MAPS_CORR[1][k]=UNSEENPIX;
        -:11862:              }
   452612:11863:              if (MAPS_COV[2][k]>0) {
   452612:11864:                MAPS_CORR[2][k]/=MAPS_COV[2][k]; // get polar cleanned version
        -:11865:              }
        -:11866:              else {
    #####:11867:                MAPS_CORR[2][k]=UNSEENPIX;
        -:11868:              }
        -:11869:            }
        -:11870:            else {
    #####:11871:              solvemap(MAPS_CORR[0]+k,MAPS_CORR[1]+k,MAPS_CORR[2]+k,
    #####:11872:                       MAPS_COV[0][k],MAPS_COV[1][k],MAPS_COV[2][k],
    #####:11873:                       MAPS_COV[3][k],MAPS_COV[4][k],MAPS_COV[5][k]);
    #####:11874:              double cond=cond_3_3_thres(MAPS_COV[0][k],MAPS_COV[1][k],MAPS_COV[2][k],
    #####:11875:                                         MAPS_COV[1][k],MAPS_COV[3][k],MAPS_COV[4][k],
    #####:11876:                                         MAPS_COV[2][k],MAPS_COV[4][k],MAPS_COV[5][k]);
    #####:11877:              if (cond >= Param->seuilcond) {
    #####:11878:                for (p=0;p<7;p++) {
    #####:11879:                  MAPS_COV[p][k]=0;
        -:11880:                }
    #####:11881:                for (p=0;p<3;p++) {
    #####:11882:                  MAPS_CORR[p][k]=UNSEENPIX;
        -:11883:                }
        -:11884:              }
        -:11885:              else {
    #####:11886:                if (detset==0 && isurv==0) {
    #####:11887:                  for (i=0;i<ndata;i++) {
    #####:11888:                    double CO1 = eta[htmp[i].ib]*(dpsico[htmp[i].ib]*htmp[i].co
    #####:11889:                                 - dpsisi[htmp[i].ib]*htmp[i].si);
    #####:11890:                    double SI1 = eta[htmp[i].ib]*(dpsico[htmp[i].ib]*htmp[i].si
    #####:11891:                                 + dpsisi[htmp[i].ib]*htmp[i].co);
        -:11892:
    #####:11893:                    htmp[i].vi=CO1*MAPS_CORR[1][k]+SI1*MAPS_CORR[2][k];
        -:11894:                  }
        -:11895:                }
        -:11896:              }
        -:11897:            }
        -:11898:          }
        -:11899:          else {
3620257760:11900:            for (p=0;p<7;p++) {
3167725540:11901:              MAPS_COV[p][k]=0;
        -:11902:            }
1810128880:11903:            for (p=0;p<3;p++) {
1357596660:11904:              MAPS_CORR[p][k]=UNSEENPIX;
        -:11905:            }
        -:11906:          }
        -:11907:        }
       36:11908:        if (rank==0) fprintf(stderr,"%d %d : %ld %ld %ld\n",__LINE__,rank,(long) begpix[rank],(long) edpix[rank],(long) nnbpix);
        -:11909:
        -:11910:        // only save II,QQ,UU,etc. when not running stim or in first realisation of stim
       36:11911:        if ((stim_first_seed + iter == 0) && (Param->saveCOV == 1)) {
    #####:11912:          for (p=0;p<7;p++) {
        -:11913:            char suffix[10];
    #####:11914:            if (p==0) strcpy(suffix,"II");
    #####:11915:            if (Param->OUT_NOPOL[detset]%2!=1 || p==0 || p==6) {
    #####:11916:              if (p==1) strcpy(suffix,"IQ");
    #####:11917:              if (p==2) strcpy(suffix,"IU");
    #####:11918:              if (p==3) strcpy(suffix,"QQ");
    #####:11919:              if (p==4) strcpy(suffix,"QU");
    #####:11920:              if (p==5) strcpy(suffix,"UU");
    #####:11921:              if (p==6) strcpy(suffix,"HH");
        -:11922:
        -:11923:              char OUTMAP[MAXOUTMAP];
    #####:11924:              sprintf(OUTMAP,"%s_%s_%s", mapout[detset], mapname, suffix);
    #####:11925:              PIOWriteMAP(OUTMAP,MAPS_COV[p],begpix[rank],begpix[rank]+nnbpix-1);
    #####:11926:              MPI_Barrier(MPI_COMM_WORLD);
        -:11927:            }
        -:11928:          }
        -:11929:        }
        -:11930:
      144:11931:        for (p=0;p<3;p++) {
        -:11932:          char suffix[10];
      108:11933:          if (Param->OUT_NOPOL[detset]%2==0 || p==0 || (p==1 && Param->OUT_NOPOL[detset]%2==1 && Param->OUT_NOPOL[0]%2==0)|| (p==2 && Param->OUT_NOPOL[detset]%2==1)) {
       72:11934:            if (p==0) strcpy(suffix,"I");
       72:11935:            if (p==1) strcpy(suffix,"Q");
       72:11936:            if (p==1 && Param->OUT_NOPOL[detset]%2==1 && Param->OUT_NOPOL[0]%2==0) strcpy(suffix,"C"); // produce polarisation+bandpass "corrected" single bolo maps when used in a polarised detset
       72:11937:            if (p==2) strcpy(suffix,"U");
       72:11938:            if (p==2 && Param->OUT_NOPOL[detset]%2==1) strcpy(suffix,"D"); // produce polarisation "corrected" single bolo maps when used in a polarised detset
        -:11939:
        -:11940:            char OUTMAP[MAXOUTMAP];
       72:11941:            if (Param->flag_stim_paramfiles == 1) {
    #####:11942:              sprintf(OUTMAP,"%s_%03d_%s_%s",mapout[detset], (int) iter + stim_first_seed, mapname, suffix);
        -:11943:            } else {
       72:11944:              sprintf(OUTMAP,"%s_%s_%s", mapout[detset], mapname, suffix);
        -:11945:            }
       72:11946:            PIOWriteMAP(OUTMAP,MAPS_CORR[p],begpix[rank],begpix[rank]+nnbpix-1);
       72:11947:            MPI_Barrier(MPI_COMM_WORLD);
        -:11948:          }
        -:11949:        }
        -:11950:
        -:11951:	//===================================================================
        -:11952:	// COMPUTE CO MAP
       36:11953:	if (Param->saveCO) {
        -:11954:	  int l_ib;
        -:11955:
    #####:11956:	  for (l_ib=0;l_ib<nbolo;l_ib++) {
    #####:11957:	    for (p=0;p<6;p++) {
        -:11958:	      char suffix[6];
    #####:11959:	      if (p==0) strcpy(suffix,"II");
    #####:11960:	      if (p==1) strcpy(suffix,"IQ");
    #####:11961:	      if (p==2) strcpy(suffix,"IU");
    #####:11962:	      if (p==3) strcpy(suffix,"QQ");
    #####:11963:	      if (p==4) strcpy(suffix,"QU");
    #####:11964:	      if (p==5) strcpy(suffix,"UU");
        -:11965:
        -:11966:	      char OUTMAP[MAXOUTMAP];
    #####:11967:	      sprintf(OUTMAP,"%s_%s_%s_%s", mapout[detset], mapname, pixnames[l_ib], suffix);
    #####:11968:	      PIOWriteMAP(OUTMAP,MAPS_COV_DUST[p+l_ib*6],begpix[rank],begpix[rank]+nnbpix-1);
    #####:11969:	      MPI_Barrier(MPI_COMM_WORLD);
        -:11970:	    }
        -:11971:
    #####:11972:	    for (p=0;p<3;p++) {
        -:11973:	      char suffix[15];
    #####:11974:	      if (p==0) strcpy(suffix,"CO_SI");
    #####:11975:	      if (p==1) strcpy(suffix,"CO_SQ");
    #####:11976:	      if (p==2) strcpy(suffix,"CO_SU");
        -:11977:
        -:11978:	      char OUTMAP[MAXOUTMAP];
    #####:11979:	      sprintf(OUTMAP,"%s_%s_%s_%s", mapout[detset], mapname, pixnames[l_ib], suffix);
    #####:11980:	      PIOWriteMAP(OUTMAP,MAPS_CORR_CO[p+l_ib*3],begpix[rank],begpix[rank]+nnbpix-1);
    #####:11981:	      MPI_Barrier(MPI_COMM_WORLD);
        -:11982:	    }
    #####:11983:	    for (p=0;p<3;p++) {
        -:11984:	      char suffix[3];
    #####:11985:	      if (p==0) strcpy(suffix,"SI");
    #####:11986:	      if (p==1) strcpy(suffix,"SQ");
    #####:11987:	      if (p==2) strcpy(suffix,"SU");
        -:11988:
        -:11989:	      char OUTMAP[MAXOUTMAP];
    #####:11990:	      sprintf(OUTMAP,"%s_%s_%s_%s", mapout[detset], mapname, pixnames[l_ib], suffix);
    #####:11991:	      PIOWriteMAP(OUTMAP,MAPS_CORR_DUST[p+l_ib*3],begpix[rank],begpix[rank]+nnbpix-1);
    #####:11992:	      MPI_Barrier(MPI_COMM_WORLD);
        -:11993:	    }
        -:11994:	  }
        -:11995:
    #####:11996:	  for (i=0; i<6*nbolo; i++) {
    #####:11997:	    free(MAPS_COV_DUST[i]);
        -:11998:	  }
    #####:11999:	  for (i=0; i<3*nbolo; i++) {
    #####:12000:	    free(MAPS_CORR_CO[i]);
        -:12001:	  }
    #####:12002:	  for (i=0; i<3*nbolo; i++) {
    #####:12003:	    free(MAPS_CORR_DUST[i]);
        -:12004:	  }
        -:12005:	}
        -:12006:
       36:12007:        if (rank==0) fprintf(stderr,"line: %d rank: %d file: %s\n",__LINE__,rank,__FILE__);
       36:12008:        MPI_Barrier(MPI_COMM_WORLD);
       36:12009:        isurv++;
        -:12010:      }
        -:12011:    }
        -:12012:
       32:12013:    for (i=0;i<7;i++) {
       28:12014:      free(MAPS_COV[i]);
        -:12015:    }
       16:12016:    for (i=0;i<3;i++) {
       12:12017:      free(MAPS_CORR[i]);
        -:12018:    }
        -:12019:
        -:12020:  /*================================================================*/
        -:12021:  /*                                                                */
        -:12022:  /*        COMPUTE CHI2                                            */
        -:12023:  /*                                                                */
        -:12024:  /*================================================================*/
        -:12025:
        4:12026:  double *diff = (double *) malloc(32000*sizeof(double)*nbolo);
        4:12027:  double *diff2 = (double *) malloc(32000*sizeof(double)*nbolo);
        4:12028:  double *ndiff = (double *) malloc(32000*sizeof(double)*nbolo);
        -:12029:
        4:12030:  memset(diff,0,32000*sizeof(double)*nbolo);
        4:12031:  memset(diff2,0,32000*sizeof(double)*nbolo);
        4:12032:  memset(ndiff,0,32000*sizeof(double)*nbolo);
        -:12033:
 50331652:12034:  for (k=0;k<nnbpix;k++) {
 50331648:12035:    long ndata = loc_nhpix[k];
 50331648:12036:    hpix *htmp = loc_hpix[k];
        -:12037:
 50331648:12038:    if (ndata>0&&flgpix[k]>0) {
    19487:12039:      double SII=0;
    19487:12040:      double SIQ=0;
    19487:12041:      double SIU=0;
    19487:12042:      double SQQ=0;
    19487:12043:      double SUU=0;
    19487:12044:      double SQU=0;
        -:12045:
    19487:12046:      double SI=0;
    19487:12047:      double SQ=0;
    19487:12048:      double SU=0;
        -:12049:
        -:12050:      int l1,m;
        -:12051:
    89281:12052:      for (l1=0;l1<ndata;l1++) {
    69794:12053:	long ri1=htmp[l1].rg-globalBeginRing;
    69794:12054:	long iri1=rgord[htmp[l1].ib][ri1]+newnr[htmp[l1].ib];
    69794:12055:	if (flg_rg[htmp[l1].ib][ri1]!=0) {
        -:12056:
   139588:12057:	  double CO1=eta_dest[htmp[l1].ib]*(dpsico[htmp[l1].ib]*htmp[l1].co
    69794:12058:					    -dpsisi[htmp[l1].ib]*htmp[l1].si);
   139588:12059:	  double SI1=eta_dest[htmp[l1].ib]*(dpsico[htmp[l1].ib]*htmp[l1].si
    69794:12060:					    +dpsisi[htmp[l1].ib]*htmp[l1].co);
        -:12061:
    69794:12062:	  double gg2=gain[htmp[l1].ib];
        -:12063:
    69794:12064:	  double sig_corr = htmp[l1].sig*gg2-htmp[l1].fsl-htmp[l1].corr_nl-htmp[l1].corr_cnn;
    69794:12065:	  if (REMHDIP==0) sig_corr-=htmp[l1].dip;
    69794:12066:	  else sig_corr-=htmp[l1].freefree;
        -:12067:
    69794:12068:	  sig_corr-=x3[iri1];
        -:12069:
        -:12070:	  // ATTENTION GAINSTEP EST FORCE A 1
    69794:12071:	  sig_corr-=x3[newnr[nbolo]+htmp[l1].ib]*htmp[l1].model;
        -:12072:
    69794:12073:	  if (nmatco!=0) {
    69794:12074:	    sig_corr -=htmp[l1].comap*x3[newnr[nbolo]+nbolo*(npixbeam+GAINSTEP)+htmp[l1].ib];
        -:12075:	  }
        -:12076:
    69794:12077:	  if (nmatdust!=0) {
    69794:12078:	    sig_corr -=htmp[l1].dustmap*x3[newnr[nbolo]+nbolo*(npixbeam+GAINSTEP)+nmatco+htmp[l1].ib];
        -:12079:	  }
    69794:12080:	  if (nfreefree!=0) {
    #####:12081:	    sig_corr -=htmp[l1].freefree*x3[newnr[nbolo]+nbolo*(npixbeam+GAINSTEP)+nmatco+nmatdust+htmp[l1].ib];
        -:12082:	  }
   628146:12083:	  for (m=0;m<npixbeam;m++)  {
   558352:12084:	    sig_corr -= htmp[l1].listofpix[m]*x3[newnr[nbolo]+nbolo*(GAINSTEP)+m*nbolo+htmp[l1].ib];
        -:12085:	  }
    69794:12086:	  SI +=htmp[l1].w*sig_corr;
    69794:12087:	  SQ +=htmp[l1].w*CO1*sig_corr;
    69794:12088:	  SU +=htmp[l1].w*SI1*sig_corr;
        -:12089:
    69794:12090:	  SII +=htmp[l1].w;
    69794:12091:	  SIQ +=htmp[l1].w*CO1;
    69794:12092:	  SIU +=htmp[l1].w*SI1;
    69794:12093:	  SQQ +=htmp[l1].w*CO1*CO1;
    69794:12094:	  SQU +=htmp[l1].w*CO1*SI1;
    69794:12095:	  SUU +=htmp[l1].w*SI1*SI1;
        -:12096:	}
        -:12097:      }
    19487:12098:      if (Param->OUT_NOPOL[0]%2==0) {
    #####:12099:	double cond=cond_3_3_thres(SII,SIQ,SIU,
        -:12100:				   SIQ,SQQ,SQU,
        -:12101:				   SIU,SQU,SUU);
        -:12102:
    #####:12103:	if (cond<Param->seuilcond) {
    #####:12104:	  solvemap(&SI,&SQ,&SU,SII,SIQ,SIU,SQQ,SQU,SUU);
        -:12105:
        -:12106:	}
        -:12107:      }
        -:12108:
        -:12109:
    89281:12110:      for (l1=0;l1<ndata;l1++) {
    69794:12111:	long ri1=htmp[l1].rg-globalBeginRing;
    69794:12112:	long iri1=rgord[htmp[l1].ib][ri1]+newnr[htmp[l1].ib];
    69794:12113:	if (flg_rg[htmp[l1].ib][ri1]!=0) {
        -:12114:
   139588:12115:	  double CO1=eta_dest[htmp[l1].ib]*(dpsico[htmp[l1].ib]*htmp[l1].co
    69794:12116:					    -dpsisi[htmp[l1].ib]*htmp[l1].si);
   139588:12117:	  double SI1=eta_dest[htmp[l1].ib]*(dpsico[htmp[l1].ib]*htmp[l1].si
    69794:12118:					    +dpsisi[htmp[l1].ib]*htmp[l1].co);
        -:12119:
    69794:12120:	  double gg2=gain[htmp[l1].ib];
        -:12121:
    69794:12122:	  double sig_corr = htmp[l1].sig*gg2-htmp[l1].fsl-htmp[l1].corr_nl-htmp[l1].corr_cnn;
    69794:12123:	  if (REMHDIP==0) sig_corr-=htmp[l1].dip;
    69794:12124:	  else sig_corr-=htmp[l1].freefree;
        -:12125:
    69794:12126:	  sig_corr-=x3[iri1];
        -:12127:
        -:12128:	  // ATTENTION GAINSTEP EST FORCE A 1
    69794:12129:	  sig_corr-=x3[newnr[nbolo]+htmp[l1].ib]*htmp[l1].model;
        -:12130:
    69794:12131:	  if (nmatco!=0) {
    69794:12132:	    sig_corr -=htmp[l1].comap*x3[newnr[nbolo]+nbolo*(npixbeam+GAINSTEP)+htmp[l1].ib];
        -:12133:	  }
        -:12134:
    69794:12135:	  if (nmatdust!=0) {
    69794:12136:	    sig_corr -=htmp[l1].dustmap*x3[newnr[nbolo]+nbolo*(npixbeam+GAINSTEP)+nmatco+htmp[l1].ib];
        -:12137:	  }
    69794:12138:	  if (nfreefree!=0) {
    #####:12139:	    sig_corr -=htmp[l1].freefree*x3[newnr[nbolo]+nbolo*(npixbeam+GAINSTEP)+nmatco+nmatdust+htmp[l1].ib];
        -:12140:	  }
   628146:12141:	  for (m=0;m<npixbeam;m++)  {
   558352:12142:	    sig_corr -= htmp[l1].listofpix[m]*x3[newnr[nbolo]+nbolo*(GAINSTEP)+m*nbolo+htmp[l1].ib];
        -:12143:	  }
        -:12144:
    69794:12145:	  double tmp=sig_corr;
    69794:12146:	  if (REFMAPI==NULL) tmp-=SI+SQ*CO1+SU*SI1;
    #####:12147:	  else tmp-=REFMAPI[k]+REFMAPQ[k]*CO1+REFMAPU[k]*SI1;
    69794:12148:	  diff2[htmp[l1].rg+32000*htmp[l1].ib] += htmp[l1].w*tmp*tmp;
    69794:12149:	  diff[htmp[l1].rg+32000*htmp[l1].ib]  += htmp[l1].w*tmp;
    69794:12150:	  ndiff[htmp[l1].rg+32000*htmp[l1].ib] += htmp[l1].w;
        -:12151:	}
        -:12152:      }
        -:12153:    }
        -:12154:  }
        -:12155:
        -:12156:
        4:12157:  if (rank==0) {
        -:12158:    long l;
        1:12159:    double *lb = (double *) malloc(sizeof(double)*(nbolo*32000));
        4:12160:    for (rrk=1;rrk<mpi_size;rrk++) {
        3:12161:      MPI_Recv(lb,sizeof(double)*(nbolo*32000), MPI_BYTE, rrk,1031, MPI_COMM_WORLD,&statu);
        3:12162:      for (l=0;l<nbolo*32000;l++) diff[l]+=lb[l];
        3:12163:      MPI_Recv(lb,sizeof(double)*(nbolo*32000), MPI_BYTE, rrk,1031, MPI_COMM_WORLD,&statu);
        3:12164:      for (l=0;l<nbolo*32000;l++) diff2[l]+=lb[l];
        3:12165:      MPI_Recv(lb,sizeof(double)*(nbolo*32000), MPI_BYTE, rrk,1032, MPI_COMM_WORLD,&statu);
        3:12166:      for (l=0;l<nbolo*32000;l++) ndiff[l]+=lb[l];
        -:12167:    }
        1:12168:    free(lb);
        -:12169:    char saveg[256];
        -:12170:
        5:12171:    for (i=0;i<nbolo;i++) {
        4:12172:      sprintf(saveg,"%s_diff",Param->Out_xi2_corr[i]);
        4:12173:      fprintf(stderr,"Write DIFF  %lld\n",(long long) PIOWriteVECT(saveg,diff+i*32000,0,sizeof(PIODOUBLE)*(32000)));
        4:12174:      sprintf(saveg,"%s_diff2",Param->Out_xi2_corr[i]);
        4:12175:      fprintf(stderr,"Write DIFF2  %lld\n",(long long) PIOWriteVECT(saveg,diff2+i*32000,0,sizeof(PIODOUBLE)*(32000)));
        4:12176:      sprintf(saveg,"%s_ndiff",Param->Out_xi2_corr[i]);
        4:12177:      fprintf(stderr,"Write NDIFF  %lld\n",(long long) PIOWriteVECT(saveg,ndiff+i*32000,0,sizeof(PIODOUBLE)*(32000)));
        -:12178:    }
        -:12179:  }
        -:12180:  else {
        3:12181:    MPI_Send(diff, sizeof(double)*(nbolo*32000), MPI_BYTE, 0, 1031, MPI_COMM_WORLD);
        3:12182:    MPI_Send(diff2, sizeof(double)*(nbolo*32000), MPI_BYTE, 0, 1031, MPI_COMM_WORLD);
        3:12183:    MPI_Send(ndiff, sizeof(double)*(nbolo*32000), MPI_BYTE, 0, 1032, MPI_COMM_WORLD);
        -:12184:  }
        -:12185:  } // while (iter++ < number_of_iterations)
        -:12186:
        4:12187:  MPI_Barrier(MPI_COMM_WORLD);
        -:12188:
        4:12189:  if (python_rank==0) {
        4:12190:    CleanPython(&MyPythonBackend);
        -:12191:  }
        4:12192:  if (rank==0) {
        1:12193:    now = time( NULL);
        1:12194:    fprintf(stderr, "%s: --------------------------\n", __FILE__ );
        1:12195:    fprintf(stderr, "%s: Finished sucessfully at %s",   __FILE__, ctime( &now));
        1:12196:    fprintf(stderr, "%s: --------------------------\n", __FILE__ );
        -:12197:  }
        -:12198:
        4:12199:  if (Param->flag_DOCNN==_PAR_TRUE) {
        4:12200:    if (python_rank==0) MPI_Comm_free(&tensorflow_comm);
        4:12201:    MPI_Comm_free(&python_comm);
        -:12202:  }
        -:12203:  
        4:12204:  MPI_Finalize();        /* free parameters info */
        -:12205:
        4:12206:  exit (0);
        -:12207:}
        -:12208:
